2021-02-24 10:22:10,915  root       INFO    [Console] - Now logging under configuration
2021-02-24 10:22:10,916  root       DEBUG   [Console] - Console: [No bot root argument set, defaulting to [..\..\config\windows]]
2021-02-24 10:22:10,937  root       WARNING Missing value for [default_userid] in config, return default value Console
2021-02-24 10:22:10,938  root       WARNING Missing value for [description] in config, return default value ProgramY AIML2.0 Client
2021-02-24 10:22:10,940  root       WARNING Missing value for [format] in config, return default value None
2021-02-24 10:22:10,940  root       WARNING Missing value for [encoding] in config, return default value None
2021-02-24 10:22:10,940  root       WARNING Missing value for [delete_on_start] in config, return default value False
2021-02-24 10:22:10,941  root       WARNING Missing value for [dirs] in config, return default value
2021-02-24 10:22:10,941  root       WARNING Missing value for [format] in config, return default value None
2021-02-24 10:22:10,941  root       WARNING Missing value for [encoding] in config, return default value None
2021-02-24 10:22:10,941  root       WARNING Missing value for [delete_on_start] in config, return default value False
2021-02-24 10:22:10,941  root       WARNING Missing value for [dirs] in config, return default value
2021-02-24 10:22:10,941  root       WARNING Missing value for [format] in config, return default value None
2021-02-24 10:22:10,941  root       WARNING Missing value for [encoding] in config, return default value None
2021-02-24 10:22:10,941  root       WARNING Missing value for [delete_on_start] in config, return default value False
2021-02-24 10:22:10,941  root       WARNING Missing value for [extension] in config, return default value None
2021-02-24 10:22:10,941  root       WARNING Missing value for [subdirs] in config, return default value False
2021-02-24 10:22:10,941  root       WARNING Missing value for [format] in config, return default value None
2021-02-24 10:22:10,941  root       WARNING Missing value for [encoding] in config, return default value None
2021-02-24 10:22:10,942  root       WARNING Missing value for [delete_on_start] in config, return default value False
2021-02-24 10:22:10,942  root       WARNING Missing value for [extension] in config, return default value None
2021-02-24 10:22:10,942  root       WARNING Missing value for [subdirs] in config, return default value False
2021-02-24 10:22:10,942  root       WARNING Missing value for [format] in config, return default value None
2021-02-24 10:22:10,942  root       WARNING Missing value for [encoding] in config, return default value None
2021-02-24 10:22:10,942  root       WARNING Missing value for [delete_on_start] in config, return default value False
2021-02-24 10:22:10,942  root       WARNING Missing value for [subdirs] in config, return default value False
2021-02-24 10:22:10,942  root       WARNING Missing value for [format] in config, return default value None
2021-02-24 10:22:10,942  root       WARNING Missing value for [encoding] in config, return default value None
2021-02-24 10:22:10,942  root       WARNING Missing value for [delete_on_start] in config, return default value False
2021-02-24 10:22:10,942  root       WARNING Missing value for [subdirs] in config, return default value False
2021-02-24 10:22:10,942  root       WARNING Missing value for [format] in config, return default value None
2021-02-24 10:22:10,942  root       WARNING Missing value for [encoding] in config, return default value None
2021-02-24 10:22:10,942  root       WARNING Missing value for [delete_on_start] in config, return default value False
2021-02-24 10:22:10,943  root       WARNING Missing value for [format] in config, return default value None
2021-02-24 10:22:10,943  root       WARNING Missing value for [encoding] in config, return default value None
2021-02-24 10:22:10,943  root       WARNING Missing value for [delete_on_start] in config, return default value False
2021-02-24 10:22:10,943  root       WARNING Missing value for [dirs] in config, return default value
2021-02-24 10:22:10,943  root       WARNING Missing value for [format] in config, return default value None
2021-02-24 10:22:10,943  root       WARNING Missing value for [encoding] in config, return default value None
2021-02-24 10:22:10,943  root       WARNING Missing value for [delete_on_start] in config, return default value False
2021-02-24 10:22:10,943  root       WARNING Missing value for [dirs] in config, return default value
2021-02-24 10:22:10,943  root       WARNING Missing value for [format] in config, return default value None
2021-02-24 10:22:10,943  root       WARNING Missing value for [encoding] in config, return default value None
2021-02-24 10:22:10,943  root       WARNING Missing value for [delete_on_start] in config, return default value False
2021-02-24 10:22:10,943  root       WARNING Missing value for [dirs] in config, return default value
2021-02-24 10:22:10,943  root       WARNING Missing value for [format] in config, return default value None
2021-02-24 10:22:10,943  root       WARNING Missing value for [encoding] in config, return default value None
2021-02-24 10:22:10,943  root       WARNING Missing value for [delete_on_start] in config, return default value False
2021-02-24 10:22:10,944  root       WARNING Missing value for [dirs] in config, return default value
2021-02-24 10:22:10,944  root       WARNING Missing value for [format] in config, return default value None
2021-02-24 10:22:10,944  root       WARNING Missing value for [encoding] in config, return default value None
2021-02-24 10:22:10,944  root       WARNING Missing value for [delete_on_start] in config, return default value False
2021-02-24 10:22:10,944  root       WARNING Missing value for [dirs] in config, return default value
2021-02-24 10:22:10,944  root       WARNING Missing value for [format] in config, return default value None
2021-02-24 10:22:10,944  root       WARNING Missing value for [encoding] in config, return default value None
2021-02-24 10:22:10,944  root       WARNING Missing value for [delete_on_start] in config, return default value False
2021-02-24 10:22:10,944  root       WARNING Missing value for [dirs] in config, return default value
2021-02-24 10:22:10,944  root       WARNING Missing value for [format] in config, return default value None
2021-02-24 10:22:10,944  root       WARNING Missing value for [encoding] in config, return default value None
2021-02-24 10:22:10,944  root       WARNING Missing value for [delete_on_start] in config, return default value False
2021-02-24 10:22:10,944  root       WARNING Missing value for [dirs] in config, return default value
2021-02-24 10:22:10,944  root       WARNING Missing value for [format] in config, return default value None
2021-02-24 10:22:10,945  root       WARNING Missing value for [encoding] in config, return default value None
2021-02-24 10:22:10,945  root       WARNING Missing value for [delete_on_start] in config, return default value False
2021-02-24 10:22:10,945  root       WARNING Missing value for [dirs] in config, return default value
2021-02-24 10:22:10,945  root       WARNING Missing value for [format] in config, return default value None
2021-02-24 10:22:10,945  root       WARNING Missing value for [encoding] in config, return default value None
2021-02-24 10:22:10,945  root       WARNING Missing value for [delete_on_start] in config, return default value False
2021-02-24 10:22:10,945  root       WARNING Missing value for [extension] in config, return default value None
2021-02-24 10:22:10,945  root       WARNING Missing value for [subdirs] in config, return default value False
2021-02-24 10:22:10,945  root       WARNING Missing value for [format] in config, return default value None
2021-02-24 10:22:10,945  root       WARNING Missing value for [encoding] in config, return default value None
2021-02-24 10:22:10,945  root       WARNING Missing value for [delete_on_start] in config, return default value False
2021-02-24 10:22:10,945  root       WARNING Missing value for [dirs] in config, return default value
2021-02-24 10:22:10,945  root       WARNING Missing value for [format] in config, return default value None
2021-02-24 10:22:10,945  root       WARNING Missing value for [encoding] in config, return default value None
2021-02-24 10:22:10,945  root       WARNING Missing value for [delete_on_start] in config, return default value False
2021-02-24 10:22:10,945  root       WARNING Missing value for [dirs] in config, return default value
2021-02-24 10:22:10,945  root       WARNING Missing value for [format] in config, return default value None
2021-02-24 10:22:10,945  root       WARNING Missing value for [encoding] in config, return default value None
2021-02-24 10:22:10,945  root       WARNING Missing value for [delete_on_start] in config, return default value False
2021-02-24 10:22:10,945  root       WARNING Missing value for [dirs] in config, return default value
2021-02-24 10:22:10,945  root       WARNING Missing value for [format] in config, return default value None
2021-02-24 10:22:10,945  root       WARNING Missing value for [encoding] in config, return default value None
2021-02-24 10:22:10,945  root       WARNING Missing value for [delete_on_start] in config, return default value False
2021-02-24 10:22:10,945  root       WARNING Missing value for [dirs] in config, return default value
2021-02-24 10:22:10,945  root       WARNING Missing value for [format] in config, return default value None
2021-02-24 10:22:10,945  root       WARNING Missing value for [encoding] in config, return default value None
2021-02-24 10:22:10,945  root       WARNING Missing value for [delete_on_start] in config, return default value False
2021-02-24 10:22:10,945  root       WARNING Missing value for [dirs] in config, return default value
2021-02-24 10:22:10,945  root       WARNING Missing value for [format] in config, return default value None
2021-02-24 10:22:10,945  root       WARNING Missing value for [encoding] in config, return default value None
2021-02-24 10:22:10,947  root       WARNING Missing value for [delete_on_start] in config, return default value False
2021-02-24 10:22:10,947  root       WARNING Missing value for [dirs] in config, return default value
2021-02-24 10:22:10,947  root       WARNING Missing value for [format] in config, return default value None
2021-02-24 10:22:10,947  root       WARNING Missing value for [encoding] in config, return default value None
2021-02-24 10:22:10,947  root       WARNING Missing value for [delete_on_start] in config, return default value False
2021-02-24 10:22:10,947  root       WARNING Missing value for [dirs] in config, return default value
2021-02-24 10:22:10,947  root       WARNING Missing value for [format] in config, return default value None
2021-02-24 10:22:10,947  root       WARNING Missing value for [encoding] in config, return default value None
2021-02-24 10:22:10,947  root       WARNING Missing value for [delete_on_start] in config, return default value False
2021-02-24 10:22:10,947  root       WARNING Missing value for [dirs] in config, return default value
2021-02-24 10:22:10,947  root       WARNING Missing value for [format] in config, return default value None
2021-02-24 10:22:10,947  root       WARNING Missing value for [encoding] in config, return default value None
2021-02-24 10:22:10,947  root       WARNING Missing value for [delete_on_start] in config, return default value False
2021-02-24 10:22:10,948  root       WARNING Missing value for [postquestionprocessors_storage] in config, return default value None
2021-02-24 10:22:10,948  root       WARNING Missing value for [dirs] in config, return default value
2021-02-24 10:22:10,948  root       WARNING Missing value for [format] in config, return default value None
2021-02-24 10:22:10,948  root       WARNING Missing value for [encoding] in config, return default value None
2021-02-24 10:22:10,948  root       WARNING Missing value for [delete_on_start] in config, return default value False
2021-02-24 10:22:10,948  root       WARNING Missing value for [triggers_storage] in config, return default value None
2021-02-24 10:22:10,948  root       WARNING Missing value for [oobs_storage] in config, return default value None
2021-02-24 10:22:10,948  root       WARNING Missing value for [services_storage] in config, return default value None
2021-02-24 10:22:10,948  root       WARNING Missing value for [renderer] in config, return default value None
2021-02-24 10:22:10,948  root       WARNING 'email' section missing from bot config, using defaults
2021-02-24 10:22:10,948  root       WARNING 'triggers' section missing from client config, using defaults
2021-02-24 10:22:10,948  root       WARNING 'responder' section missing from client config, using defaults
2021-02-24 10:22:10,948  root       WARNING Missing value for [tab_parse_output] in config, return default value True
2021-02-24 10:22:10,949  root       WARNING Missing value for [alphabet] in config, return default value None
2021-02-24 10:22:10,949  root       WARNING Missing value for [max_histories] in config, return default value 100
2021-02-24 10:22:10,949  root       WARNING Missing value for [initial_topic] in config, return default value *
2021-02-24 10:22:10,949  root       WARNING Missing value for [restore_last_topic] in config, return default value False
2021-02-24 10:22:10,949  root       WARNING Missing value for [empty_on_start] in config, return default value False
2021-02-24 10:22:10,949  root       WARNING Missing value for [multi_client] in config, return default value False
2021-02-24 10:22:10,949  root       WARNING 'splitter' section missing from bot config, using defaults
2021-02-24 10:22:10,949  root       WARNING 'joiner' section missing from bot config, using defaults
2021-02-24 10:22:10,949  root       WARNING 'translation' section missing from bot config, using defaults
2021-02-24 10:22:10,949  root       WARNING 'translation' section missing from bot config, using defaults
2021-02-24 10:22:10,949  root       WARNING 'sentiment' section missing from bot config, using defaults
2021-02-24 10:22:10,949  root       WARNING Missing value for [save_as_user] in config, return default value system
2021-02-24 10:22:10,949  root       WARNING Missing value for [port] in config, return None
2021-02-24 10:22:10,949  root       WARNING Missing value for [url] in config, return default value None
2021-02-24 10:22:10,950  root       WARNING Missing value for [method] in config, return default value None
2021-02-24 10:22:10,950  root       WARNING Missing value for [host] in config, return default value None
2021-02-24 10:22:10,950  root       WARNING Missing value for [port] in config, return None
2021-02-24 10:22:10,950  root       WARNING Missing value for [method] in config, return default value None
2021-02-24 10:22:10,950  root       WARNING Missing value for [host] in config, return default value None
2021-02-24 10:22:10,950  root       WARNING Missing value for [port] in config, return None
2021-02-24 10:22:10,950  root       WARNING Missing value for [method] in config, return default value None
2021-02-24 10:22:10,950  root       WARNING Missing value for [host] in config, return default value None
2021-02-24 10:22:10,950  root       WARNING Missing value for [port] in config, return None
2021-02-24 10:22:10,950  root       WARNING Missing value for [url] in config, return default value None
2021-02-24 10:22:10,950  root       WARNING Missing value for [method] in config, return default value None
2021-02-24 10:22:10,950  root       WARNING Missing value for [host] in config, return default value None
2021-02-24 10:22:10,950  root       WARNING Missing value for [port] in config, return None
2021-02-24 10:22:10,950  root       WARNING Config section [openchatbots] missing from Brain, no openchatbots loaded
2021-02-24 10:22:10,951  root       WARNING Missing value for [denied_text] in config, return default value Access denied!
2021-02-24 10:22:10,951  root       WARNING Missing value for [denied_text] in config, return default value Access denied!
2021-02-24 10:22:10,951  root       WARNING 'security' section missing from bot config, using to defaults
2021-02-24 10:22:10,951  root       WARNING 'tokenizer' section missing from bot config, using defaults
2021-02-24 10:22:10,951  root       WARNING Missing value for [save_errors] in config, return default value False
2021-02-24 10:22:10,951  root       WARNING Missing value for [save_duplicates] in config, return default value False
2021-02-24 10:22:10,951  root       WARNING Missing value for [brain_selector] in config, return default value None
2021-02-24 10:22:10,951  root       WARNING Missing value for [bot_selector] in config, return default value programy.clients.botfactory.DefaultBotSelector
2021-02-24 10:22:10,951  root       DEBUG   Loading Storage Factory
2021-02-24 10:22:10,951  root       DEBUG   Loading nodes from file [..\..\storage/nodes/pattern_nodes.conf]
2021-02-24 10:22:10,952  root       DEBUG   Pre-instantiating Pattern Node [programy.parser.pattern.nodes.root.PatternRootNode]
2021-02-24 10:22:10,952  root       DEBUG   Processor path [programy.parser.pattern.nodes.root.PatternRootNode]
2021-02-24 10:22:10,952  root       DEBUG   Importing module [programy.parser.pattern.nodes.root]
2021-02-24 10:22:10,954  root       DEBUG   Instantiating class [PatternRootNode]
2021-02-24 10:22:10,954  root       DEBUG   Pre-instantiating Pattern Node [programy.parser.pattern.nodes.word.PatternWordNode]
2021-02-24 10:22:10,954  root       DEBUG   Processor path [programy.parser.pattern.nodes.word.PatternWordNode]
2021-02-24 10:22:10,954  root       DEBUG   Importing module [programy.parser.pattern.nodes.word]
2021-02-24 10:22:10,956  root       DEBUG   Instantiating class [PatternWordNode]
2021-02-24 10:22:10,956  root       DEBUG   Pre-instantiating Pattern Node [programy.parser.pattern.nodes.priority.PatternPriorityWordNode]
2021-02-24 10:22:10,956  root       DEBUG   Processor path [programy.parser.pattern.nodes.priority.PatternPriorityWordNode]
2021-02-24 10:22:10,956  root       DEBUG   Importing module [programy.parser.pattern.nodes.priority]
2021-02-24 10:22:10,957  root       DEBUG   Instantiating class [PatternPriorityWordNode]
2021-02-24 10:22:10,957  root       DEBUG   Pre-instantiating Pattern Node [programy.parser.pattern.nodes.oneormore.PatternOneOrMoreWildCardNode]
2021-02-24 10:22:10,957  root       DEBUG   Processor path [programy.parser.pattern.nodes.oneormore.PatternOneOrMoreWildCardNode]
2021-02-24 10:22:10,957  root       DEBUG   Importing module [programy.parser.pattern.nodes.oneormore]
2021-02-24 10:22:10,957  root       DEBUG   Instantiating class [PatternOneOrMoreWildCardNode]
2021-02-24 10:22:10,957  root       DEBUG   Pre-instantiating Pattern Node [programy.parser.pattern.nodes.topic.PatternTopicNode]
2021-02-24 10:22:10,957  root       DEBUG   Processor path [programy.parser.pattern.nodes.topic.PatternTopicNode]
2021-02-24 10:22:10,957  root       DEBUG   Importing module [programy.parser.pattern.nodes.topic]
2021-02-24 10:22:10,957  root       DEBUG   Instantiating class [PatternTopicNode]
2021-02-24 10:22:10,958  root       DEBUG   Pre-instantiating Pattern Node [programy.parser.pattern.nodes.that.PatternThatNode]
2021-02-24 10:22:10,958  root       DEBUG   Processor path [programy.parser.pattern.nodes.that.PatternThatNode]
2021-02-24 10:22:10,958  root       DEBUG   Importing module [programy.parser.pattern.nodes.that]
2021-02-24 10:22:10,958  root       DEBUG   Instantiating class [PatternThatNode]
2021-02-24 10:22:10,958  root       DEBUG   Pre-instantiating Pattern Node [programy.parser.pattern.nodes.template.PatternTemplateNode]
2021-02-24 10:22:10,958  root       DEBUG   Processor path [programy.parser.pattern.nodes.template.PatternTemplateNode]
2021-02-24 10:22:10,958  root       DEBUG   Importing module [programy.parser.pattern.nodes.template]
2021-02-24 10:22:10,958  root       DEBUG   Instantiating class [PatternTemplateNode]
2021-02-24 10:22:10,958  root       DEBUG   Pre-instantiating Pattern Node [programy.parser.pattern.nodes.zeroormore.PatternZeroOrMoreWildCardNode]
2021-02-24 10:22:10,958  root       DEBUG   Processor path [programy.parser.pattern.nodes.zeroormore.PatternZeroOrMoreWildCardNode]
2021-02-24 10:22:10,958  root       DEBUG   Importing module [programy.parser.pattern.nodes.zeroormore]
2021-02-24 10:22:10,958  root       DEBUG   Instantiating class [PatternZeroOrMoreWildCardNode]
2021-02-24 10:22:10,958  root       DEBUG   Pre-instantiating Pattern Node [programy.parser.pattern.nodes.set.PatternSetNode]
2021-02-24 10:22:10,959  root       DEBUG   Processor path [programy.parser.pattern.nodes.set.PatternSetNode]
2021-02-24 10:22:10,959  root       DEBUG   Importing module [programy.parser.pattern.nodes.set]
2021-02-24 10:22:10,960  root       DEBUG   Instantiating class [PatternSetNode]
2021-02-24 10:22:10,960  root       DEBUG   Pre-instantiating Pattern Node [programy.parser.pattern.nodes.bot.PatternBotNode]
2021-02-24 10:22:10,960  root       DEBUG   Processor path [programy.parser.pattern.nodes.bot.PatternBotNode]
2021-02-24 10:22:10,960  root       DEBUG   Importing module [programy.parser.pattern.nodes.bot]
2021-02-24 10:22:10,961  root       DEBUG   Instantiating class [PatternBotNode]
2021-02-24 10:22:10,961  root       DEBUG   Pre-instantiating Pattern Node [programy.parser.pattern.nodes.iset.PatternISetNode]
2021-02-24 10:22:10,961  root       DEBUG   Processor path [programy.parser.pattern.nodes.iset.PatternISetNode]
2021-02-24 10:22:10,961  root       DEBUG   Importing module [programy.parser.pattern.nodes.iset]
2021-02-24 10:22:10,962  root       DEBUG   Instantiating class [PatternISetNode]
2021-02-24 10:22:10,962  root       DEBUG   Pre-instantiating Pattern Node [programy.parser.pattern.nodes.regex.PatternRegexNode]
2021-02-24 10:22:10,962  root       DEBUG   Processor path [programy.parser.pattern.nodes.regex.PatternRegexNode]
2021-02-24 10:22:10,962  root       DEBUG   Importing module [programy.parser.pattern.nodes.regex]
2021-02-24 10:22:10,964  root       DEBUG   Instantiating class [PatternRegexNode]
2021-02-24 10:22:10,964  root       DEBUG   Loading nodes from file [..\..\storage/nodes/template_nodes.conf]
2021-02-24 10:22:10,965  root       DEBUG   Pre-instantiating Template Node [programy.parser.template.nodes.base.TemplateNode]
2021-02-24 10:22:10,965  root       DEBUG   Processor path [programy.parser.template.nodes.base.TemplateNode]
2021-02-24 10:22:10,965  root       DEBUG   Importing module [programy.parser.template.nodes.base]
2021-02-24 10:22:10,967  root       DEBUG   Instantiating class [TemplateNode]
2021-02-24 10:22:10,968  root       DEBUG   Pre-instantiating Template Node [programy.parser.template.nodes.word.TemplateWordNode]
2021-02-24 10:22:10,968  root       DEBUG   Processor path [programy.parser.template.nodes.word.TemplateWordNode]
2021-02-24 10:22:10,968  root       DEBUG   Importing module [programy.parser.template.nodes.word]
2021-02-24 10:22:10,969  root       DEBUG   Instantiating class [TemplateWordNode]
2021-02-24 10:22:10,970  root       DEBUG   Pre-instantiating Template Node [programy.parser.template.nodes.authorise.TemplateAuthoriseNode]
2021-02-24 10:22:10,970  root       DEBUG   Processor path [programy.parser.template.nodes.authorise.TemplateAuthoriseNode]
2021-02-24 10:22:10,970  root       DEBUG   Importing module [programy.parser.template.nodes.authorise]
2021-02-24 10:22:10,971  root       DEBUG   Instantiating class [TemplateAuthoriseNode]
2021-02-24 10:22:10,971  root       DEBUG   Pre-instantiating Template Node [programy.parser.template.nodes.rand.TemplateRandomNode]
2021-02-24 10:22:10,971  root       DEBUG   Processor path [programy.parser.template.nodes.rand.TemplateRandomNode]
2021-02-24 10:22:10,971  root       DEBUG   Importing module [programy.parser.template.nodes.rand]
2021-02-24 10:22:10,973  root       DEBUG   Instantiating class [TemplateRandomNode]
2021-02-24 10:22:10,973  root       DEBUG   Pre-instantiating Template Node [programy.parser.template.nodes.condition.TemplateConditionNode]
2021-02-24 10:22:10,973  root       DEBUG   Processor path [programy.parser.template.nodes.condition.TemplateConditionNode]
2021-02-24 10:22:10,973  root       DEBUG   Importing module [programy.parser.template.nodes.condition]
2021-02-24 10:22:10,977  root       DEBUG   Instantiating class [TemplateConditionNode]
2021-02-24 10:22:10,977  root       DEBUG   Pre-instantiating Template Node [programy.parser.template.nodes.srai.TemplateSRAINode]
2021-02-24 10:22:10,977  root       DEBUG   Processor path [programy.parser.template.nodes.srai.TemplateSRAINode]
2021-02-24 10:22:10,977  root       DEBUG   Importing module [programy.parser.template.nodes.srai]
2021-02-24 10:22:10,978  root       DEBUG   Instantiating class [TemplateSRAINode]
2021-02-24 10:22:10,978  root       DEBUG   Pre-instantiating Template Node [programy.parser.template.nodes.sraix.TemplateSRAIXNode]
2021-02-24 10:22:10,978  root       DEBUG   Processor path [programy.parser.template.nodes.sraix.TemplateSRAIXNode]
2021-02-24 10:22:10,978  root       DEBUG   Importing module [programy.parser.template.nodes.sraix]
2021-02-24 10:22:10,981  root       DEBUG   Instantiating class [TemplateSRAIXNode]
2021-02-24 10:22:10,981  root       DEBUG   Pre-instantiating Template Node [programy.parser.template.nodes.get.TemplateGetNode]
2021-02-24 10:22:10,981  root       DEBUG   Processor path [programy.parser.template.nodes.get.TemplateGetNode]
2021-02-24 10:22:10,981  root       DEBUG   Importing module [programy.parser.template.nodes.get]
2021-02-24 10:22:10,981  root       DEBUG   Instantiating class [TemplateGetNode]
2021-02-24 10:22:10,981  root       DEBUG   Pre-instantiating Template Node [programy.parser.template.nodes.set.TemplateSetNode]
2021-02-24 10:22:10,981  root       DEBUG   Processor path [programy.parser.template.nodes.set.TemplateSetNode]
2021-02-24 10:22:10,981  root       DEBUG   Importing module [programy.parser.template.nodes.set]
2021-02-24 10:22:10,983  root       DEBUG   Instantiating class [TemplateSetNode]
2021-02-24 10:22:10,983  root       DEBUG   Pre-instantiating Template Node [programy.parser.template.nodes.map.TemplateMapNode]
2021-02-24 10:22:10,983  root       DEBUG   Processor path [programy.parser.template.nodes.map.TemplateMapNode]
2021-02-24 10:22:10,983  root       DEBUG   Importing module [programy.parser.template.nodes.map]
2021-02-24 10:22:10,985  root       DEBUG   Instantiating class [TemplateMapNode]
2021-02-24 10:22:10,985  root       DEBUG   Pre-instantiating Template Node [programy.parser.template.nodes.bot.TemplateBotNode]
2021-02-24 10:22:10,985  root       DEBUG   Processor path [programy.parser.template.nodes.bot.TemplateBotNode]
2021-02-24 10:22:10,985  root       DEBUG   Importing module [programy.parser.template.nodes.bot]
2021-02-24 10:22:10,985  root       DEBUG   Instantiating class [TemplateBotNode]
2021-02-24 10:22:10,985  root       DEBUG   Pre-instantiating Template Node [programy.parser.template.nodes.think.TemplateThinkNode]
2021-02-24 10:22:10,985  root       DEBUG   Processor path [programy.parser.template.nodes.think.TemplateThinkNode]
2021-02-24 10:22:10,985  root       DEBUG   Importing module [programy.parser.template.nodes.think]
2021-02-24 10:22:10,987  root       DEBUG   Instantiating class [TemplateThinkNode]
2021-02-24 10:22:10,987  root       DEBUG   Pre-instantiating Template Node [programy.parser.template.nodes.normalise.TemplateNormalizeNode]
2021-02-24 10:22:10,987  root       DEBUG   Processor path [programy.parser.template.nodes.normalise.TemplateNormalizeNode]
2021-02-24 10:22:10,987  root       DEBUG   Importing module [programy.parser.template.nodes.normalise]
2021-02-24 10:22:10,988  root       DEBUG   Instantiating class [TemplateNormalizeNode]
2021-02-24 10:22:10,988  root       DEBUG   Pre-instantiating Template Node [programy.parser.template.nodes.denormalise.TemplateDenormalizeNode]
2021-02-24 10:22:10,988  root       DEBUG   Processor path [programy.parser.template.nodes.denormalise.TemplateDenormalizeNode]
2021-02-24 10:22:10,988  root       DEBUG   Importing module [programy.parser.template.nodes.denormalise]
2021-02-24 10:22:10,989  root       DEBUG   Instantiating class [TemplateDenormalizeNode]
2021-02-24 10:22:10,989  root       DEBUG   Pre-instantiating Template Node [programy.parser.template.nodes.person.TemplatePersonNode]
2021-02-24 10:22:10,989  root       DEBUG   Processor path [programy.parser.template.nodes.person.TemplatePersonNode]
2021-02-24 10:22:10,989  root       DEBUG   Importing module [programy.parser.template.nodes.person]
2021-02-24 10:22:10,990  root       DEBUG   Instantiating class [TemplatePersonNode]
2021-02-24 10:22:10,990  root       DEBUG   Pre-instantiating Template Node [programy.parser.template.nodes.person2.TemplatePerson2Node]
2021-02-24 10:22:10,990  root       DEBUG   Processor path [programy.parser.template.nodes.person2.TemplatePerson2Node]
2021-02-24 10:22:10,990  root       DEBUG   Importing module [programy.parser.template.nodes.person2]
2021-02-24 10:22:10,992  root       DEBUG   Instantiating class [TemplatePerson2Node]
2021-02-24 10:22:10,992  root       DEBUG   Pre-instantiating Template Node [programy.parser.template.nodes.gender.TemplateGenderNode]
2021-02-24 10:22:10,992  root       DEBUG   Processor path [programy.parser.template.nodes.gender.TemplateGenderNode]
2021-02-24 10:22:10,992  root       DEBUG   Importing module [programy.parser.template.nodes.gender]
2021-02-24 10:22:10,993  root       DEBUG   Instantiating class [TemplateGenderNode]
2021-02-24 10:22:10,993  root       DEBUG   Pre-instantiating Template Node [programy.parser.template.nodes.sr.TemplateSrNode]
2021-02-24 10:22:10,993  root       DEBUG   Processor path [programy.parser.template.nodes.sr.TemplateSrNode]
2021-02-24 10:22:10,993  root       DEBUG   Importing module [programy.parser.template.nodes.sr]
2021-02-24 10:22:10,994  root       DEBUG   Instantiating class [TemplateSrNode]
2021-02-24 10:22:10,994  root       DEBUG   Pre-instantiating Template Node [programy.parser.template.nodes.id.TemplateIdNode]
2021-02-24 10:22:10,994  root       DEBUG   Processor path [programy.parser.template.nodes.id.TemplateIdNode]
2021-02-24 10:22:10,994  root       DEBUG   Importing module [programy.parser.template.nodes.id]
2021-02-24 10:22:10,995  root       DEBUG   Instantiating class [TemplateIdNode]
2021-02-24 10:22:10,995  root       DEBUG   Pre-instantiating Template Node [programy.parser.template.nodes.size.TemplateSizeNode]
2021-02-24 10:22:10,995  root       DEBUG   Processor path [programy.parser.template.nodes.size.TemplateSizeNode]
2021-02-24 10:22:10,995  root       DEBUG   Importing module [programy.parser.template.nodes.size]
2021-02-24 10:22:10,997  root       DEBUG   Instantiating class [TemplateSizeNode]
2021-02-24 10:22:10,997  root       DEBUG   Pre-instantiating Template Node [programy.parser.template.nodes.vocabulary.TemplateVocabularyNode]
2021-02-24 10:22:10,997  root       DEBUG   Processor path [programy.parser.template.nodes.vocabulary.TemplateVocabularyNode]
2021-02-24 10:22:10,997  root       DEBUG   Importing module [programy.parser.template.nodes.vocabulary]
2021-02-24 10:22:10,999  root       DEBUG   Instantiating class [TemplateVocabularyNode]
2021-02-24 10:22:10,999  root       DEBUG   Pre-instantiating Template Node [programy.parser.template.nodes.eval.TemplateEvalNode]
2021-02-24 10:22:10,999  root       DEBUG   Processor path [programy.parser.template.nodes.eval.TemplateEvalNode]
2021-02-24 10:22:10,999  root       DEBUG   Importing module [programy.parser.template.nodes.eval]
2021-02-24 10:22:11,001  root       DEBUG   Instantiating class [TemplateEvalNode]
2021-02-24 10:22:11,001  root       DEBUG   Pre-instantiating Template Node [programy.parser.template.nodes.explode.TemplateExplodeNode]
2021-02-24 10:22:11,001  root       DEBUG   Processor path [programy.parser.template.nodes.explode.TemplateExplodeNode]
2021-02-24 10:22:11,001  root       DEBUG   Importing module [programy.parser.template.nodes.explode]
2021-02-24 10:22:11,002  root       DEBUG   Instantiating class [TemplateExplodeNode]
2021-02-24 10:22:11,002  root       DEBUG   Pre-instantiating Template Node [programy.parser.template.nodes.implode.TemplateImplodeNode]
2021-02-24 10:22:11,002  root       DEBUG   Processor path [programy.parser.template.nodes.implode.TemplateImplodeNode]
2021-02-24 10:22:11,002  root       DEBUG   Importing module [programy.parser.template.nodes.implode]
2021-02-24 10:22:11,003  root       DEBUG   Instantiating class [TemplateImplodeNode]
2021-02-24 10:22:11,003  root       DEBUG   Pre-instantiating Template Node [programy.parser.template.nodes.program.TemplateProgramNode]
2021-02-24 10:22:11,003  root       DEBUG   Processor path [programy.parser.template.nodes.program.TemplateProgramNode]
2021-02-24 10:22:11,003  root       DEBUG   Importing module [programy.parser.template.nodes.program]
2021-02-24 10:22:11,004  root       DEBUG   Instantiating class [TemplateProgramNode]
2021-02-24 10:22:11,004  root       DEBUG   Pre-instantiating Template Node [programy.parser.template.nodes.lowercase.TemplateLowercaseNode]
2021-02-24 10:22:11,004  root       DEBUG   Processor path [programy.parser.template.nodes.lowercase.TemplateLowercaseNode]
2021-02-24 10:22:11,004  root       DEBUG   Importing module [programy.parser.template.nodes.lowercase]
2021-02-24 10:22:11,006  root       DEBUG   Instantiating class [TemplateLowercaseNode]
2021-02-24 10:22:11,006  root       DEBUG   Pre-instantiating Template Node [programy.parser.template.nodes.uppercase.TemplateUppercaseNode]
2021-02-24 10:22:11,006  root       DEBUG   Processor path [programy.parser.template.nodes.uppercase.TemplateUppercaseNode]
2021-02-24 10:22:11,006  root       DEBUG   Importing module [programy.parser.template.nodes.uppercase]
2021-02-24 10:22:11,007  root       DEBUG   Instantiating class [TemplateUppercaseNode]
2021-02-24 10:22:11,007  root       DEBUG   Pre-instantiating Template Node [programy.parser.template.nodes.sentence.TemplateSentenceNode]
2021-02-24 10:22:11,007  root       DEBUG   Processor path [programy.parser.template.nodes.sentence.TemplateSentenceNode]
2021-02-24 10:22:11,007  root       DEBUG   Importing module [programy.parser.template.nodes.sentence]
2021-02-24 10:22:11,008  root       DEBUG   Instantiating class [TemplateSentenceNode]
2021-02-24 10:22:11,008  root       DEBUG   Pre-instantiating Template Node [programy.parser.template.nodes.formal.TemplateFormalNode]
2021-02-24 10:22:11,008  root       DEBUG   Processor path [programy.parser.template.nodes.formal.TemplateFormalNode]
2021-02-24 10:22:11,008  root       DEBUG   Importing module [programy.parser.template.nodes.formal]
2021-02-24 10:22:11,010  root       DEBUG   Instantiating class [TemplateFormalNode]
2021-02-24 10:22:11,010  root       DEBUG   Pre-instantiating Template Node [programy.parser.template.nodes.that.TemplateThatNode]
2021-02-24 10:22:11,010  root       DEBUG   Processor path [programy.parser.template.nodes.that.TemplateThatNode]
2021-02-24 10:22:11,010  root       DEBUG   Importing module [programy.parser.template.nodes.that]
2021-02-24 10:22:11,012  root       DEBUG   Instantiating class [TemplateThatNode]
2021-02-24 10:22:11,012  root       DEBUG   Pre-instantiating Template Node [programy.parser.template.nodes.thatstar.TemplateThatStarNode]
2021-02-24 10:22:11,012  root       DEBUG   Processor path [programy.parser.template.nodes.thatstar.TemplateThatStarNode]
2021-02-24 10:22:11,012  root       DEBUG   Importing module [programy.parser.template.nodes.thatstar]
2021-02-24 10:22:11,015  root       DEBUG   Instantiating class [TemplateThatStarNode]
2021-02-24 10:22:11,015  root       DEBUG   Pre-instantiating Template Node [programy.parser.template.nodes.topicstar.TemplateTopicStarNode]
2021-02-24 10:22:11,015  root       DEBUG   Processor path [programy.parser.template.nodes.topicstar.TemplateTopicStarNode]
2021-02-24 10:22:11,016  root       DEBUG   Importing module [programy.parser.template.nodes.topicstar]
2021-02-24 10:22:11,017  root       DEBUG   Instantiating class [TemplateTopicStarNode]
2021-02-24 10:22:11,017  root       DEBUG   Pre-instantiating Template Node [programy.parser.template.nodes.star.TemplateStarNode]
2021-02-24 10:22:11,017  root       DEBUG   Processor path [programy.parser.template.nodes.star.TemplateStarNode]
2021-02-24 10:22:11,017  root       DEBUG   Importing module [programy.parser.template.nodes.star]
2021-02-24 10:22:11,019  root       DEBUG   Instantiating class [TemplateStarNode]
2021-02-24 10:22:11,019  root       DEBUG   Pre-instantiating Template Node [programy.parser.template.nodes.input.TemplateInputNode]
2021-02-24 10:22:11,019  root       DEBUG   Processor path [programy.parser.template.nodes.input.TemplateInputNode]
2021-02-24 10:22:11,019  root       DEBUG   Importing module [programy.parser.template.nodes.input]
2021-02-24 10:22:11,020  root       DEBUG   Instantiating class [TemplateInputNode]
2021-02-24 10:22:11,020  root       DEBUG   Pre-instantiating Template Node [programy.parser.template.nodes.request.TemplateRequestNode]
2021-02-24 10:22:11,020  root       DEBUG   Processor path [programy.parser.template.nodes.request.TemplateRequestNode]
2021-02-24 10:22:11,020  root       DEBUG   Importing module [programy.parser.template.nodes.request]
2021-02-24 10:22:11,022  root       DEBUG   Instantiating class [TemplateRequestNode]
2021-02-24 10:22:11,022  root       DEBUG   Pre-instantiating Template Node [programy.parser.template.nodes.response.TemplateResponseNode]
2021-02-24 10:22:11,022  root       DEBUG   Processor path [programy.parser.template.nodes.response.TemplateResponseNode]
2021-02-24 10:22:11,022  root       DEBUG   Importing module [programy.parser.template.nodes.response]
2021-02-24 10:22:11,023  root       DEBUG   Instantiating class [TemplateResponseNode]
2021-02-24 10:22:11,023  root       DEBUG   Pre-instantiating Template Node [programy.parser.template.nodes.date.TemplateDateNode]
2021-02-24 10:22:11,023  root       DEBUG   Processor path [programy.parser.template.nodes.date.TemplateDateNode]
2021-02-24 10:22:11,023  root       DEBUG   Importing module [programy.parser.template.nodes.date]
2021-02-24 10:22:11,024  root       DEBUG   Instantiating class [TemplateDateNode]
2021-02-24 10:22:11,025  root       DEBUG   Pre-instantiating Template Node [programy.parser.template.nodes.interval.TemplateIntervalNode]
2021-02-24 10:22:11,025  root       DEBUG   Processor path [programy.parser.template.nodes.interval.TemplateIntervalNode]
2021-02-24 10:22:11,025  root       DEBUG   Importing module [programy.parser.template.nodes.interval]
2021-02-24 10:22:11,033  root       DEBUG   Instantiating class [TemplateIntervalNode]
2021-02-24 10:22:11,033  root       DEBUG   Pre-instantiating Template Node [programy.parser.template.nodes.system.TemplateSystemNode]
2021-02-24 10:22:11,033  root       DEBUG   Processor path [programy.parser.template.nodes.system.TemplateSystemNode]
2021-02-24 10:22:11,033  root       DEBUG   Importing module [programy.parser.template.nodes.system]
2021-02-24 10:22:11,034  root       DEBUG   Instantiating class [TemplateSystemNode]
2021-02-24 10:22:11,034  root       DEBUG   Pre-instantiating Template Node [programy.parser.template.nodes.extension.TemplateExtensionNode]
2021-02-24 10:22:11,034  root       DEBUG   Processor path [programy.parser.template.nodes.extension.TemplateExtensionNode]
2021-02-24 10:22:11,034  root       DEBUG   Importing module [programy.parser.template.nodes.extension]
2021-02-24 10:22:11,035  root       DEBUG   Instantiating class [TemplateExtensionNode]
2021-02-24 10:22:11,035  root       DEBUG   Pre-instantiating Template Node [programy.parser.template.nodes.learn.TemplateLearnNode]
2021-02-24 10:22:11,036  root       DEBUG   Processor path [programy.parser.template.nodes.learn.TemplateLearnNode]
2021-02-24 10:22:11,036  root       DEBUG   Importing module [programy.parser.template.nodes.learn]
2021-02-24 10:22:11,037  root       DEBUG   Instantiating class [TemplateLearnNode]
2021-02-24 10:22:11,037  root       DEBUG   Pre-instantiating Template Node [programy.parser.template.nodes.learnf.TemplateLearnfNode]
2021-02-24 10:22:11,037  root       DEBUG   Processor path [programy.parser.template.nodes.learnf.TemplateLearnfNode]
2021-02-24 10:22:11,037  root       DEBUG   Importing module [programy.parser.template.nodes.learnf]
2021-02-24 10:22:11,039  root       DEBUG   Instantiating class [TemplateLearnfNode]
2021-02-24 10:22:11,039  root       DEBUG   Pre-instantiating Template Node [programy.parser.template.nodes.resetlearn.TemplateResetLearnNode]
2021-02-24 10:22:11,039  root       DEBUG   Processor path [programy.parser.template.nodes.resetlearn.TemplateResetLearnNode]
2021-02-24 10:22:11,039  root       DEBUG   Importing module [programy.parser.template.nodes.resetlearn]
2021-02-24 10:22:11,040  root       DEBUG   Instantiating class [TemplateResetLearnNode]
2021-02-24 10:22:11,040  root       DEBUG   Pre-instantiating Template Node [programy.parser.template.nodes.resetlearnf.TemplateResetLearnfNode]
2021-02-24 10:22:11,040  root       DEBUG   Processor path [programy.parser.template.nodes.resetlearnf.TemplateResetLearnfNode]
2021-02-24 10:22:11,040  root       DEBUG   Importing module [programy.parser.template.nodes.resetlearnf]
2021-02-24 10:22:11,041  root       DEBUG   Instantiating class [TemplateResetLearnfNode]
2021-02-24 10:22:11,041  root       DEBUG   Pre-instantiating Template Node [programy.parser.template.nodes.first.TemplateFirstNode]
2021-02-24 10:22:11,041  root       DEBUG   Processor path [programy.parser.template.nodes.first.TemplateFirstNode]
2021-02-24 10:22:11,041  root       DEBUG   Importing module [programy.parser.template.nodes.first]
2021-02-24 10:22:11,043  root       DEBUG   Instantiating class [TemplateFirstNode]
2021-02-24 10:22:11,043  root       DEBUG   Pre-instantiating Template Node [programy.parser.template.nodes.rest.TemplateRestNode]
2021-02-24 10:22:11,043  root       DEBUG   Processor path [programy.parser.template.nodes.rest.TemplateRestNode]
2021-02-24 10:22:11,043  root       DEBUG   Importing module [programy.parser.template.nodes.rest]
2021-02-24 10:22:11,044  root       DEBUG   Instantiating class [TemplateRestNode]
2021-02-24 10:22:11,044  root       DEBUG   Pre-instantiating Template Node [programy.parser.template.nodes.log.TemplateLogNode]
2021-02-24 10:22:11,044  root       DEBUG   Processor path [programy.parser.template.nodes.log.TemplateLogNode]
2021-02-24 10:22:11,044  root       DEBUG   Importing module [programy.parser.template.nodes.log]
2021-02-24 10:22:11,045  root       DEBUG   Instantiating class [TemplateLogNode]
2021-02-24 10:22:11,046  root       DEBUG   Pre-instantiating Template Node [programy.parser.template.nodes.oob.TemplateOOBNode]
2021-02-24 10:22:11,046  root       DEBUG   Processor path [programy.parser.template.nodes.oob.TemplateOOBNode]
2021-02-24 10:22:11,046  root       DEBUG   Importing module [programy.parser.template.nodes.oob]
2021-02-24 10:22:11,047  root       DEBUG   Instantiating class [TemplateOOBNode]
2021-02-24 10:22:11,047  root       DEBUG   Pre-instantiating Template Node [programy.parser.template.nodes.xml.TemplateXMLNode]
2021-02-24 10:22:11,047  root       DEBUG   Processor path [programy.parser.template.nodes.xml.TemplateXMLNode]
2021-02-24 10:22:11,047  root       DEBUG   Importing module [programy.parser.template.nodes.xml]
2021-02-24 10:22:11,049  root       DEBUG   Instantiating class [TemplateXMLNode]
2021-02-24 10:22:11,049  root       DEBUG   Pre-instantiating Template Node [programy.parser.template.nodes.addtriple.TemplateAddTripleNode]
2021-02-24 10:22:11,049  root       DEBUG   Processor path [programy.parser.template.nodes.addtriple.TemplateAddTripleNode]
2021-02-24 10:22:11,049  root       DEBUG   Importing module [programy.parser.template.nodes.addtriple]
2021-02-24 10:22:11,051  root       DEBUG   Instantiating class [TemplateAddTripleNode]
2021-02-24 10:22:11,051  root       DEBUG   Pre-instantiating Template Node [programy.parser.template.nodes.deletetriple.TemplateDeleteTripleNode]
2021-02-24 10:22:11,051  root       DEBUG   Processor path [programy.parser.template.nodes.deletetriple.TemplateDeleteTripleNode]
2021-02-24 10:22:11,052  root       DEBUG   Importing module [programy.parser.template.nodes.deletetriple]
2021-02-24 10:22:11,053  root       DEBUG   Instantiating class [TemplateDeleteTripleNode]
2021-02-24 10:22:11,053  root       DEBUG   Pre-instantiating Template Node [programy.parser.template.nodes.select.TemplateSelectNode]
2021-02-24 10:22:11,053  root       DEBUG   Processor path [programy.parser.template.nodes.select.TemplateSelectNode]
2021-02-24 10:22:11,053  root       DEBUG   Importing module [programy.parser.template.nodes.select]
2021-02-24 10:22:11,054  root       DEBUG   Instantiating class [TemplateSelectNode]
2021-02-24 10:22:11,055  root       DEBUG   Pre-instantiating Template Node [programy.parser.template.nodes.uniq.TemplateUniqNode]
2021-02-24 10:22:11,055  root       DEBUG   Processor path [programy.parser.template.nodes.uniq.TemplateUniqNode]
2021-02-24 10:22:11,055  root       DEBUG   Importing module [programy.parser.template.nodes.uniq]
2021-02-24 10:22:11,056  root       DEBUG   Instantiating class [TemplateUniqNode]
2021-02-24 10:22:11,056  root       DEBUG   Pre-instantiating Template Node [programy.parser.template.nodes.search.TemplateSearchNode]
2021-02-24 10:22:11,056  root       DEBUG   Processor path [programy.parser.template.nodes.search.TemplateSearchNode]
2021-02-24 10:22:11,056  root       DEBUG   Importing module [programy.parser.template.nodes.search]
2021-02-24 10:22:11,058  root       DEBUG   Instantiating class [TemplateSearchNode]
2021-02-24 10:22:11,058  root       DEBUG   Pre-instantiating Template Node [programy.parser.template.nodes.richmedia.button.TemplateButtonNode]
2021-02-24 10:22:11,058  root       DEBUG   Processor path [programy.parser.template.nodes.richmedia.button.TemplateButtonNode]
2021-02-24 10:22:11,058  root       DEBUG   Importing module [programy.parser.template.nodes.richmedia.button]
2021-02-24 10:22:11,060  root       DEBUG   Instantiating class [TemplateButtonNode]
2021-02-24 10:22:11,060  root       DEBUG   Pre-instantiating Template Node [programy.parser.template.nodes.richmedia.link.TemplateLinkNode]
2021-02-24 10:22:11,061  root       DEBUG   Processor path [programy.parser.template.nodes.richmedia.link.TemplateLinkNode]
2021-02-24 10:22:11,061  root       DEBUG   Importing module [programy.parser.template.nodes.richmedia.link]
2021-02-24 10:22:11,062  root       DEBUG   Instantiating class [TemplateLinkNode]
2021-02-24 10:22:11,062  root       DEBUG   Pre-instantiating Template Node [programy.parser.template.nodes.richmedia.image.TemplateImageNode]
2021-02-24 10:22:11,062  root       DEBUG   Processor path [programy.parser.template.nodes.richmedia.image.TemplateImageNode]
2021-02-24 10:22:11,062  root       DEBUG   Importing module [programy.parser.template.nodes.richmedia.image]
2021-02-24 10:22:11,064  root       DEBUG   Instantiating class [TemplateImageNode]
2021-02-24 10:22:11,064  root       DEBUG   Pre-instantiating Template Node [programy.parser.template.nodes.richmedia.card.TemplateCardNode]
2021-02-24 10:22:11,064  root       DEBUG   Processor path [programy.parser.template.nodes.richmedia.card.TemplateCardNode]
2021-02-24 10:22:11,064  root       DEBUG   Importing module [programy.parser.template.nodes.richmedia.card]
2021-02-24 10:22:11,065  root       DEBUG   Instantiating class [TemplateCardNode]
2021-02-24 10:22:11,065  root       DEBUG   Pre-instantiating Template Node [programy.parser.template.nodes.richmedia.reply.TemplateReplyNode]
2021-02-24 10:22:11,065  root       DEBUG   Processor path [programy.parser.template.nodes.richmedia.reply.TemplateReplyNode]
2021-02-24 10:22:11,066  root       DEBUG   Importing module [programy.parser.template.nodes.richmedia.reply]
2021-02-24 10:22:11,067  root       DEBUG   Instantiating class [TemplateReplyNode]
2021-02-24 10:22:11,067  root       DEBUG   Pre-instantiating Template Node [programy.parser.template.nodes.richmedia.carousel.TemplateCarouselNode]
2021-02-24 10:22:11,067  root       DEBUG   Processor path [programy.parser.template.nodes.richmedia.carousel.TemplateCarouselNode]
2021-02-24 10:22:11,067  root       DEBUG   Importing module [programy.parser.template.nodes.richmedia.carousel]
2021-02-24 10:22:11,068  root       DEBUG   Instantiating class [TemplateCarouselNode]
2021-02-24 10:22:11,068  root       DEBUG   Pre-instantiating Template Node [programy.parser.template.nodes.richmedia.delay.TemplateDelayNode]
2021-02-24 10:22:11,068  root       DEBUG   Processor path [programy.parser.template.nodes.richmedia.delay.TemplateDelayNode]
2021-02-24 10:22:11,068  root       DEBUG   Importing module [programy.parser.template.nodes.richmedia.delay]
2021-02-24 10:22:11,070  root       DEBUG   Instantiating class [TemplateDelayNode]
2021-02-24 10:22:11,070  root       DEBUG   Pre-instantiating Template Node [programy.parser.template.nodes.richmedia.split.TemplateSplitNode]
2021-02-24 10:22:11,070  root       DEBUG   Processor path [programy.parser.template.nodes.richmedia.split.TemplateSplitNode]
2021-02-24 10:22:11,070  root       DEBUG   Importing module [programy.parser.template.nodes.richmedia.split]
2021-02-24 10:22:11,071  root       DEBUG   Instantiating class [TemplateSplitNode]
2021-02-24 10:22:11,071  root       DEBUG   Pre-instantiating Template Node [programy.parser.template.nodes.richmedia.list.TemplateListNode]
2021-02-24 10:22:11,071  root       DEBUG   Processor path [programy.parser.template.nodes.richmedia.list.TemplateListNode]
2021-02-24 10:22:11,071  root       DEBUG   Importing module [programy.parser.template.nodes.richmedia.list]
2021-02-24 10:22:11,072  root       DEBUG   Instantiating class [TemplateListNode]
2021-02-24 10:22:11,072  root       DEBUG   Pre-instantiating Template Node [programy.parser.template.nodes.richmedia.olist.TemplateOrderedListNode]
2021-02-24 10:22:11,072  root       DEBUG   Processor path [programy.parser.template.nodes.richmedia.olist.TemplateOrderedListNode]
2021-02-24 10:22:11,072  root       DEBUG   Importing module [programy.parser.template.nodes.richmedia.olist]
2021-02-24 10:22:11,074  root       DEBUG   Instantiating class [TemplateOrderedListNode]
2021-02-24 10:22:11,074  root       DEBUG   Defaulting root to PatternRootNode
2021-02-24 10:22:11,074  root       INFO    [Console] [bot] [brain] - Loading aiml source brain
2021-02-24 10:22:11,074  root       DEBUG   Loading file contents from [..\..\storage/categories\exit.aiml]
2021-02-24 10:22:11,074  root       INFO    Loading aiml file: ..\..\storage/categories\exit.aiml
2021-02-24 10:22:11,078  root       INFO    Processed ..\..\storage/categories\exit.aiml with 1 categories in 0.000000.2 secs
2021-02-24 10:22:11,078  root       DEBUG   Loading file contents from [..\..\storage/categories\initial.aiml]
2021-02-24 10:22:11,078  root       INFO    Loading aiml file: ..\..\storage/categories\initial.aiml
2021-02-24 10:22:11,079  root       INFO    Processed ..\..\storage/categories\initial.aiml with 1 categories in 0.000000.2 secs
2021-02-24 10:22:11,079  root       DEBUG   Loading file contents from [..\..\storage/categories\unknown.aiml]
2021-02-24 10:22:11,079  root       INFO    Loading aiml file: ..\..\storage/categories\unknown.aiml
2021-02-24 10:22:11,079  root       INFO    Processed ..\..\storage/categories\unknown.aiml with 1 categories in 0.000000.2 secs
2021-02-24 10:22:11,081  root       DEBUG   Loading file contents from [..\..\storage/categories\_template.aiml]
2021-02-24 10:22:11,081  root       INFO    Loading aiml file: ..\..\storage/categories\_template.aiml
2021-02-24 10:22:11,081  root       WARNING no categories in aiml file
2021-02-24 10:22:11,081  root       INFO    Processed ..\..\storage/categories\_template.aiml with 0 categories in 0.000000.2 secs
2021-02-24 10:22:11,082  root       DEBUG   Loading file contents from [..\..\storage/categories\Basis\Basics.aiml]
2021-02-24 10:22:11,082  root       INFO    Loading aiml file: ..\..\storage/categories\Basis\Basics.aiml
2021-02-24 10:22:11,086  root       INFO    Processed ..\..\storage/categories\Basis\Basics.aiml with 22 categories in 0.002998.2 secs
2021-02-24 10:22:11,086  root       DEBUG   Loading file contents from [..\..\storage/categories\Basis\Smalltalk.aiml]
2021-02-24 10:22:11,086  root       INFO    Loading aiml file: ..\..\storage/categories\Basis\Smalltalk.aiml
2021-02-24 10:22:11,089  root       INFO    Processed ..\..\storage/categories\Basis\Smalltalk.aiml with 11 categories in 0.001999.2 secs
2021-02-24 10:22:11,089  root       DEBUG   Loading file contents from [..\..\storage/categories\Basis\Fragen\Fragen_ohne_Antwort.aiml]
2021-02-24 10:22:11,089  root       INFO    Loading aiml file: ..\..\storage/categories\Basis\Fragen\Fragen_ohne_Antwort.aiml
2021-02-24 10:22:11,110  root       INFO    Processed ..\..\storage/categories\Basis\Fragen\Fragen_ohne_Antwort.aiml with 99 categories in 0.017735.2 secs
2021-02-24 10:22:11,110  root       DEBUG   Loading file contents from [..\..\storage/categories\Basis\Fragen\Wie_gehts.aiml]
2021-02-24 10:22:11,110  root       INFO    Loading aiml file: ..\..\storage/categories\Basis\Fragen\Wie_gehts.aiml
2021-02-24 10:22:11,113  root       INFO    Processed ..\..\storage/categories\Basis\Fragen\Wie_gehts.aiml with 8 categories in 0.001095.2 secs
2021-02-24 10:22:11,114  root       DEBUG   Loading file contents from [..\..\storage/categories\Universum\Universum.aiml]
2021-02-24 10:22:11,114  root       INFO    Loading aiml file: ..\..\storage/categories\Universum\Universum.aiml
2021-02-24 10:22:11,119  root       INFO    Processed ..\..\storage/categories\Universum\Universum.aiml with 12 categories in 0.003998.2 secs
2021-02-24 10:22:11,119  root       DEBUG   Loading file contents from [..\..\storage/categories\Universum\Universum2.aiml]
2021-02-24 10:22:11,119  root       INFO    Loading aiml file: ..\..\storage/categories\Universum\Universum2.aiml
2021-02-24 10:22:11,119  root       ERROR   Failed to load contents of AIML file from [..\..\storage/categories\Universum\Universum2.aiml] [mismatched tag: line 19, column 2]
2021-02-24 10:22:11,142  root       ERROR   Traceback (most recent call last):
Traceback (most recent call last):
  File "C:\Users\Vanessa\AppData\Local\Programs\Python\Python37\lib\xml\etree\ElementTree.py", line 1630, in feed
    self.parser.Parse(data, 0)
xml.parsers.expat.ExpatError: mismatched tag: line 19, column 2

During handling of the above exception, another exception occurred:

Traceback (most recent call last):
  File "C:\Users\Vanessa\AppData\Local\Programs\Python\Python37\lib\site-packages\programy\parser\aiml_parser.py", line 134, in parse_from_file
    tree = ET.parse(filename, parser=LineNumberingParser())
  File "C:\Users\Vanessa\AppData\Local\Programs\Python\Python37\lib\xml\etree\ElementTree.py", line 1197, in parse
    tree.parse(source, parser)
  File "C:\Users\Vanessa\AppData\Local\Programs\Python\Python37\lib\xml\etree\ElementTree.py", line 604, in parse
    parser.feed(data)
  File "C:\Users\Vanessa\AppData\Local\Programs\Python\Python37\lib\xml\etree\ElementTree.py", line 1632, in feed
    self._raiseerror(v)
  File "C:\Users\Vanessa\AppData\Local\Programs\Python\Python37\lib\xml\etree\ElementTree.py", line 1531, in _raiseerror
    raise err
  File "<string>", line None
xml.etree.ElementTree.ParseError: mismatched tag: line 19, column 2
2021-02-24 10:22:11,142  root       ERROR     File "C:\Users\Vanessa\AppData\Local\Programs\Python\Python37\lib\xml\etree\ElementTree.py", line 1630, in feed
    self.parser.Parse(data, 0)
Traceback (most recent call last):
  File "C:\Users\Vanessa\AppData\Local\Programs\Python\Python37\lib\xml\etree\ElementTree.py", line 1630, in feed
    self.parser.Parse(data, 0)
xml.parsers.expat.ExpatError: mismatched tag: line 19, column 2

During handling of the above exception, another exception occurred:

Traceback (most recent call last):
  File "C:\Users\Vanessa\AppData\Local\Programs\Python\Python37\lib\site-packages\programy\parser\aiml_parser.py", line 134, in parse_from_file
    tree = ET.parse(filename, parser=LineNumberingParser())
  File "C:\Users\Vanessa\AppData\Local\Programs\Python\Python37\lib\xml\etree\ElementTree.py", line 1197, in parse
    tree.parse(source, parser)
  File "C:\Users\Vanessa\AppData\Local\Programs\Python\Python37\lib\xml\etree\ElementTree.py", line 604, in parse
    parser.feed(data)
  File "C:\Users\Vanessa\AppData\Local\Programs\Python\Python37\lib\xml\etree\ElementTree.py", line 1632, in feed
    self._raiseerror(v)
  File "C:\Users\Vanessa\AppData\Local\Programs\Python\Python37\lib\xml\etree\ElementTree.py", line 1531, in _raiseerror
    raise err
  File "<string>", line None
xml.etree.ElementTree.ParseError: mismatched tag: line 19, column 2
2021-02-24 10:22:11,142  root       ERROR   xml.parsers.expat.ExpatError: mismatched tag: line 19, column 2
Traceback (most recent call last):
  File "C:\Users\Vanessa\AppData\Local\Programs\Python\Python37\lib\xml\etree\ElementTree.py", line 1630, in feed
    self.parser.Parse(data, 0)
xml.parsers.expat.ExpatError: mismatched tag: line 19, column 2

During handling of the above exception, another exception occurred:

Traceback (most recent call last):
  File "C:\Users\Vanessa\AppData\Local\Programs\Python\Python37\lib\site-packages\programy\parser\aiml_parser.py", line 134, in parse_from_file
    tree = ET.parse(filename, parser=LineNumberingParser())
  File "C:\Users\Vanessa\AppData\Local\Programs\Python\Python37\lib\xml\etree\ElementTree.py", line 1197, in parse
    tree.parse(source, parser)
  File "C:\Users\Vanessa\AppData\Local\Programs\Python\Python37\lib\xml\etree\ElementTree.py", line 604, in parse
    parser.feed(data)
  File "C:\Users\Vanessa\AppData\Local\Programs\Python\Python37\lib\xml\etree\ElementTree.py", line 1632, in feed
    self._raiseerror(v)
  File "C:\Users\Vanessa\AppData\Local\Programs\Python\Python37\lib\xml\etree\ElementTree.py", line 1531, in _raiseerror
    raise err
  File "<string>", line None
xml.etree.ElementTree.ParseError: mismatched tag: line 19, column 2
2021-02-24 10:22:11,143  root       ERROR   
During handling of the above exception, another exception occurred:
Traceback (most recent call last):
  File "C:\Users\Vanessa\AppData\Local\Programs\Python\Python37\lib\xml\etree\ElementTree.py", line 1630, in feed
    self.parser.Parse(data, 0)
xml.parsers.expat.ExpatError: mismatched tag: line 19, column 2

During handling of the above exception, another exception occurred:

Traceback (most recent call last):
  File "C:\Users\Vanessa\AppData\Local\Programs\Python\Python37\lib\site-packages\programy\parser\aiml_parser.py", line 134, in parse_from_file
    tree = ET.parse(filename, parser=LineNumberingParser())
  File "C:\Users\Vanessa\AppData\Local\Programs\Python\Python37\lib\xml\etree\ElementTree.py", line 1197, in parse
    tree.parse(source, parser)
  File "C:\Users\Vanessa\AppData\Local\Programs\Python\Python37\lib\xml\etree\ElementTree.py", line 604, in parse
    parser.feed(data)
  File "C:\Users\Vanessa\AppData\Local\Programs\Python\Python37\lib\xml\etree\ElementTree.py", line 1632, in feed
    self._raiseerror(v)
  File "C:\Users\Vanessa\AppData\Local\Programs\Python\Python37\lib\xml\etree\ElementTree.py", line 1531, in _raiseerror
    raise err
  File "<string>", line None
xml.etree.ElementTree.ParseError: mismatched tag: line 19, column 2
2021-02-24 10:22:11,143  root       ERROR   Traceback (most recent call last):
Traceback (most recent call last):
  File "C:\Users\Vanessa\AppData\Local\Programs\Python\Python37\lib\xml\etree\ElementTree.py", line 1630, in feed
    self.parser.Parse(data, 0)
xml.parsers.expat.ExpatError: mismatched tag: line 19, column 2

During handling of the above exception, another exception occurred:

Traceback (most recent call last):
  File "C:\Users\Vanessa\AppData\Local\Programs\Python\Python37\lib\site-packages\programy\parser\aiml_parser.py", line 134, in parse_from_file
    tree = ET.parse(filename, parser=LineNumberingParser())
  File "C:\Users\Vanessa\AppData\Local\Programs\Python\Python37\lib\xml\etree\ElementTree.py", line 1197, in parse
    tree.parse(source, parser)
  File "C:\Users\Vanessa\AppData\Local\Programs\Python\Python37\lib\xml\etree\ElementTree.py", line 604, in parse
    parser.feed(data)
  File "C:\Users\Vanessa\AppData\Local\Programs\Python\Python37\lib\xml\etree\ElementTree.py", line 1632, in feed
    self._raiseerror(v)
  File "C:\Users\Vanessa\AppData\Local\Programs\Python\Python37\lib\xml\etree\ElementTree.py", line 1531, in _raiseerror
    raise err
  File "<string>", line None
xml.etree.ElementTree.ParseError: mismatched tag: line 19, column 2
2021-02-24 10:22:11,144  root       ERROR     File "C:\Users\Vanessa\AppData\Local\Programs\Python\Python37\lib\site-packages\programy\parser\aiml_parser.py", line 134, in parse_from_file
    tree = ET.parse(filename, parser=LineNumberingParser())
Traceback (most recent call last):
  File "C:\Users\Vanessa\AppData\Local\Programs\Python\Python37\lib\xml\etree\ElementTree.py", line 1630, in feed
    self.parser.Parse(data, 0)
xml.parsers.expat.ExpatError: mismatched tag: line 19, column 2

During handling of the above exception, another exception occurred:

Traceback (most recent call last):
  File "C:\Users\Vanessa\AppData\Local\Programs\Python\Python37\lib\site-packages\programy\parser\aiml_parser.py", line 134, in parse_from_file
    tree = ET.parse(filename, parser=LineNumberingParser())
  File "C:\Users\Vanessa\AppData\Local\Programs\Python\Python37\lib\xml\etree\ElementTree.py", line 1197, in parse
    tree.parse(source, parser)
  File "C:\Users\Vanessa\AppData\Local\Programs\Python\Python37\lib\xml\etree\ElementTree.py", line 604, in parse
    parser.feed(data)
  File "C:\Users\Vanessa\AppData\Local\Programs\Python\Python37\lib\xml\etree\ElementTree.py", line 1632, in feed
    self._raiseerror(v)
  File "C:\Users\Vanessa\AppData\Local\Programs\Python\Python37\lib\xml\etree\ElementTree.py", line 1531, in _raiseerror
    raise err
  File "<string>", line None
xml.etree.ElementTree.ParseError: mismatched tag: line 19, column 2
2021-02-24 10:22:11,144  root       ERROR     File "C:\Users\Vanessa\AppData\Local\Programs\Python\Python37\lib\xml\etree\ElementTree.py", line 1197, in parse
    tree.parse(source, parser)
Traceback (most recent call last):
  File "C:\Users\Vanessa\AppData\Local\Programs\Python\Python37\lib\xml\etree\ElementTree.py", line 1630, in feed
    self.parser.Parse(data, 0)
xml.parsers.expat.ExpatError: mismatched tag: line 19, column 2

During handling of the above exception, another exception occurred:

Traceback (most recent call last):
  File "C:\Users\Vanessa\AppData\Local\Programs\Python\Python37\lib\site-packages\programy\parser\aiml_parser.py", line 134, in parse_from_file
    tree = ET.parse(filename, parser=LineNumberingParser())
  File "C:\Users\Vanessa\AppData\Local\Programs\Python\Python37\lib\xml\etree\ElementTree.py", line 1197, in parse
    tree.parse(source, parser)
  File "C:\Users\Vanessa\AppData\Local\Programs\Python\Python37\lib\xml\etree\ElementTree.py", line 604, in parse
    parser.feed(data)
  File "C:\Users\Vanessa\AppData\Local\Programs\Python\Python37\lib\xml\etree\ElementTree.py", line 1632, in feed
    self._raiseerror(v)
  File "C:\Users\Vanessa\AppData\Local\Programs\Python\Python37\lib\xml\etree\ElementTree.py", line 1531, in _raiseerror
    raise err
  File "<string>", line None
xml.etree.ElementTree.ParseError: mismatched tag: line 19, column 2
2021-02-24 10:22:11,144  root       ERROR     File "C:\Users\Vanessa\AppData\Local\Programs\Python\Python37\lib\xml\etree\ElementTree.py", line 604, in parse
    parser.feed(data)
Traceback (most recent call last):
  File "C:\Users\Vanessa\AppData\Local\Programs\Python\Python37\lib\xml\etree\ElementTree.py", line 1630, in feed
    self.parser.Parse(data, 0)
xml.parsers.expat.ExpatError: mismatched tag: line 19, column 2

During handling of the above exception, another exception occurred:

Traceback (most recent call last):
  File "C:\Users\Vanessa\AppData\Local\Programs\Python\Python37\lib\site-packages\programy\parser\aiml_parser.py", line 134, in parse_from_file
    tree = ET.parse(filename, parser=LineNumberingParser())
  File "C:\Users\Vanessa\AppData\Local\Programs\Python\Python37\lib\xml\etree\ElementTree.py", line 1197, in parse
    tree.parse(source, parser)
  File "C:\Users\Vanessa\AppData\Local\Programs\Python\Python37\lib\xml\etree\ElementTree.py", line 604, in parse
    parser.feed(data)
  File "C:\Users\Vanessa\AppData\Local\Programs\Python\Python37\lib\xml\etree\ElementTree.py", line 1632, in feed
    self._raiseerror(v)
  File "C:\Users\Vanessa\AppData\Local\Programs\Python\Python37\lib\xml\etree\ElementTree.py", line 1531, in _raiseerror
    raise err
  File "<string>", line None
xml.etree.ElementTree.ParseError: mismatched tag: line 19, column 2
2021-02-24 10:22:11,145  root       ERROR     File "C:\Users\Vanessa\AppData\Local\Programs\Python\Python37\lib\xml\etree\ElementTree.py", line 1632, in feed
    self._raiseerror(v)
Traceback (most recent call last):
  File "C:\Users\Vanessa\AppData\Local\Programs\Python\Python37\lib\xml\etree\ElementTree.py", line 1630, in feed
    self.parser.Parse(data, 0)
xml.parsers.expat.ExpatError: mismatched tag: line 19, column 2

During handling of the above exception, another exception occurred:

Traceback (most recent call last):
  File "C:\Users\Vanessa\AppData\Local\Programs\Python\Python37\lib\site-packages\programy\parser\aiml_parser.py", line 134, in parse_from_file
    tree = ET.parse(filename, parser=LineNumberingParser())
  File "C:\Users\Vanessa\AppData\Local\Programs\Python\Python37\lib\xml\etree\ElementTree.py", line 1197, in parse
    tree.parse(source, parser)
  File "C:\Users\Vanessa\AppData\Local\Programs\Python\Python37\lib\xml\etree\ElementTree.py", line 604, in parse
    parser.feed(data)
  File "C:\Users\Vanessa\AppData\Local\Programs\Python\Python37\lib\xml\etree\ElementTree.py", line 1632, in feed
    self._raiseerror(v)
  File "C:\Users\Vanessa\AppData\Local\Programs\Python\Python37\lib\xml\etree\ElementTree.py", line 1531, in _raiseerror
    raise err
  File "<string>", line None
xml.etree.ElementTree.ParseError: mismatched tag: line 19, column 2
2021-02-24 10:22:11,145  root       ERROR     File "C:\Users\Vanessa\AppData\Local\Programs\Python\Python37\lib\xml\etree\ElementTree.py", line 1531, in _raiseerror
    raise err
Traceback (most recent call last):
  File "C:\Users\Vanessa\AppData\Local\Programs\Python\Python37\lib\xml\etree\ElementTree.py", line 1630, in feed
    self.parser.Parse(data, 0)
xml.parsers.expat.ExpatError: mismatched tag: line 19, column 2

During handling of the above exception, another exception occurred:

Traceback (most recent call last):
  File "C:\Users\Vanessa\AppData\Local\Programs\Python\Python37\lib\site-packages\programy\parser\aiml_parser.py", line 134, in parse_from_file
    tree = ET.parse(filename, parser=LineNumberingParser())
  File "C:\Users\Vanessa\AppData\Local\Programs\Python\Python37\lib\xml\etree\ElementTree.py", line 1197, in parse
    tree.parse(source, parser)
  File "C:\Users\Vanessa\AppData\Local\Programs\Python\Python37\lib\xml\etree\ElementTree.py", line 604, in parse
    parser.feed(data)
  File "C:\Users\Vanessa\AppData\Local\Programs\Python\Python37\lib\xml\etree\ElementTree.py", line 1632, in feed
    self._raiseerror(v)
  File "C:\Users\Vanessa\AppData\Local\Programs\Python\Python37\lib\xml\etree\ElementTree.py", line 1531, in _raiseerror
    raise err
  File "<string>", line None
xml.etree.ElementTree.ParseError: mismatched tag: line 19, column 2
2021-02-24 10:22:11,145  root       ERROR     File "<string>", line None
Traceback (most recent call last):
  File "C:\Users\Vanessa\AppData\Local\Programs\Python\Python37\lib\xml\etree\ElementTree.py", line 1630, in feed
    self.parser.Parse(data, 0)
xml.parsers.expat.ExpatError: mismatched tag: line 19, column 2

During handling of the above exception, another exception occurred:

Traceback (most recent call last):
  File "C:\Users\Vanessa\AppData\Local\Programs\Python\Python37\lib\site-packages\programy\parser\aiml_parser.py", line 134, in parse_from_file
    tree = ET.parse(filename, parser=LineNumberingParser())
  File "C:\Users\Vanessa\AppData\Local\Programs\Python\Python37\lib\xml\etree\ElementTree.py", line 1197, in parse
    tree.parse(source, parser)
  File "C:\Users\Vanessa\AppData\Local\Programs\Python\Python37\lib\xml\etree\ElementTree.py", line 604, in parse
    parser.feed(data)
  File "C:\Users\Vanessa\AppData\Local\Programs\Python\Python37\lib\xml\etree\ElementTree.py", line 1632, in feed
    self._raiseerror(v)
  File "C:\Users\Vanessa\AppData\Local\Programs\Python\Python37\lib\xml\etree\ElementTree.py", line 1531, in _raiseerror
    raise err
  File "<string>", line None
xml.etree.ElementTree.ParseError: mismatched tag: line 19, column 2
2021-02-24 10:22:11,146  root       ERROR   xml.etree.ElementTree.ParseError: mismatched tag: line 19, column 2
Traceback (most recent call last):
  File "C:\Users\Vanessa\AppData\Local\Programs\Python\Python37\lib\xml\etree\ElementTree.py", line 1630, in feed
    self.parser.Parse(data, 0)
xml.parsers.expat.ExpatError: mismatched tag: line 19, column 2

During handling of the above exception, another exception occurred:

Traceback (most recent call last):
  File "C:\Users\Vanessa\AppData\Local\Programs\Python\Python37\lib\site-packages\programy\parser\aiml_parser.py", line 134, in parse_from_file
    tree = ET.parse(filename, parser=LineNumberingParser())
  File "C:\Users\Vanessa\AppData\Local\Programs\Python\Python37\lib\xml\etree\ElementTree.py", line 1197, in parse
    tree.parse(source, parser)
  File "C:\Users\Vanessa\AppData\Local\Programs\Python\Python37\lib\xml\etree\ElementTree.py", line 604, in parse
    parser.feed(data)
  File "C:\Users\Vanessa\AppData\Local\Programs\Python\Python37\lib\xml\etree\ElementTree.py", line 1632, in feed
    self._raiseerror(v)
  File "C:\Users\Vanessa\AppData\Local\Programs\Python\Python37\lib\xml\etree\ElementTree.py", line 1531, in _raiseerror
    raise err
  File "<string>", line None
xml.etree.ElementTree.ParseError: mismatched tag: line 19, column 2
2021-02-24 10:22:11,146  root       INFO    [Console] [bot] [brain] - Loading collections
2021-02-24 10:22:11,146  root       DEBUG   Loading lookup [..\..\storage/lookups/denormal.txt]
2021-02-24 10:22:11,151  root       ERROR    DO NOT  = [re.compile('(^DO NOT | DO NOT | DO NOT$)', re.IGNORECASE), " DO'NT "] already exists in collection
2021-02-24 10:22:11,155  root       ERROR    ST  = [re.compile('(^ST | ST | ST$)', re.IGNORECASE), ' ST.'] already exists in collection
2021-02-24 10:22:11,161  root       ERROR    DOT AU  = [re.compile('(^DOT AU | DOT AU | DOT AU$)', re.IGNORECASE), '.AU '] already exists in collection
2021-02-24 10:22:11,161  root       ERROR    DOT CO  = [re.compile('(^DOT CO | DOT CO | DOT CO$)', re.IGNORECASE), '.CO '] already exists in collection
2021-02-24 10:22:11,161  root       ERROR    DOT COM  = [re.compile('(^DOT COM | DOT COM | DOT COM$)', re.IGNORECASE), '.COM '] already exists in collection
2021-02-24 10:22:11,161  root       ERROR    DOT EDU  = [re.compile('(^DOT EDU | DOT EDU | DOT EDU$)', re.IGNORECASE), '.EDU '] already exists in collection
2021-02-24 10:22:11,162  root       ERROR    DOT JP  = [re.compile('(^DOT JP | DOT JP | DOT JP$)', re.IGNORECASE), '.JP '] already exists in collection
2021-02-24 10:22:11,162  root       ERROR    DOT NET  = [re.compile('(^DOT NET | DOT NET | DOT NET$)', re.IGNORECASE), '.NET '] already exists in collection
2021-02-24 10:22:11,162  root       ERROR    DOT ORG  = [re.compile('(^DOT ORG | DOT ORG | DOT ORG$)', re.IGNORECASE), '.ORG '] already exists in collection
2021-02-24 10:22:11,162  root       ERROR    DOT UK  = [re.compile('(^DOT UK | DOT UK | DOT UK$)', re.IGNORECASE), '.UK '] already exists in collection
2021-02-24 10:22:11,163  root       ERROR    SMILE  = [re.compile('(^SMILE | SMILE | SMILE$)', re.IGNORECASE), ':)'] already exists in collection
2021-02-24 10:22:11,163  root       ERROR    SMILE  = [re.compile('(^SMILE | SMILE | SMILE$)', re.IGNORECASE), ':-)'] already exists in collection
2021-02-24 10:22:11,164  root       ERROR    SMILE  = [re.compile('(^SMILE | SMILE | SMILE$)', re.IGNORECASE), ';)'] already exists in collection
2021-02-24 10:22:11,164  root       ERROR    SMILE  = [re.compile('(^SMILE | SMILE | SMILE$)', re.IGNORECASE), ';-)'] already exists in collection
2021-02-24 10:22:11,167  root       DEBUG   Loading lookup [..\..\storage/lookups/normal.txt]
2021-02-24 10:22:11,167  root       ERROR   %2C = [re.compile('(^%2C|%2C|%2C$)', re.IGNORECASE), ','] already exists in collection
2021-02-24 10:22:11,168  root       ERROR   %3D = [re.compile('(^%3D|%3D|%3D$)', re.IGNORECASE), '='] already exists in collection
2021-02-24 10:22:11,168  root       ERROR   %3C = [re.compile('(^%3C|%3C|%3C$)', re.IGNORECASE), '<'] already exists in collection
2021-02-24 10:22:11,168  root       ERROR   %3E = [re.compile('(^%3E|%3E|%3E$)', re.IGNORECASE), '>'] already exists in collection
2021-02-24 10:22:11,169  root       ERROR   %2D = [re.compile('(^%2D|%2D|%2D$)', re.IGNORECASE), '-'] already exists in collection
2021-02-24 10:22:11,169  root       ERROR   %2E = [re.compile('(^%2E|%2E|%2E$)', re.IGNORECASE), '.'] already exists in collection
2021-02-24 10:22:11,170  root       ERROR   %2F = [re.compile('(^%2F|%2F|%2F$)', re.IGNORECASE), '/'] already exists in collection
2021-02-24 10:22:11,170  root       ERROR   %3A = [re.compile('(^%3A|%3A|%3A$)', re.IGNORECASE), ':'] already exists in collection
2021-02-24 10:22:11,170  root       ERROR   %3B = [re.compile('(^%3B|%3B|%3B$)', re.IGNORECASE), ';'] already exists in collection
2021-02-24 10:22:11,170  root       ERROR   %3F = [re.compile('(^%3F|%3F|%3F$)', re.IGNORECASE), '?'] already exists in collection
2021-02-24 10:22:11,171  root       ERROR   %5B = [re.compile('(^%5B|%5B|%5B$)', re.IGNORECASE), '['] already exists in collection
2021-02-24 10:22:11,171  root       ERROR   %5C = [re.compile('(^%5C|%5C|%5C$)', re.IGNORECASE), '\\\\'] already exists in collection
2021-02-24 10:22:11,171  root       ERROR   %5D = [re.compile('(^%5D|%5D|%5D$)', re.IGNORECASE), ']'] already exists in collection
2021-02-24 10:22:11,171  root       ERROR   %5F = [re.compile('(^%5F|%5F|%5F$)', re.IGNORECASE), '_'] already exists in collection
2021-02-24 10:22:11,172  root       ERROR   %7B = [re.compile('(^%7B|%7B|%7B$)', re.IGNORECASE), '{'] already exists in collection
2021-02-24 10:22:11,172  root       ERROR   %7C = [re.compile('(^%7C|%7C|%7C$)', re.IGNORECASE), '|'] already exists in collection
2021-02-24 10:22:11,172  root       ERROR   %7D = [re.compile('(^%7D|%7D|%7D$)', re.IGNORECASE), '}'] already exists in collection
2021-02-24 10:22:11,172  root       ERROR   %27 = [re.compile('(^%27|%27|%27$)', re.IGNORECASE), "'"] already exists in collection
2021-02-24 10:22:11,172  root       ERROR   %3F = [re.compile('(^%3F|%3F|%3F$)', re.IGNORECASE), '?'] already exists in collection
2021-02-24 10:22:11,173  root       ERROR   %3F = [re.compile('(^%3F|%3F|%3F$)', re.IGNORECASE), '?'] already exists in collection
2021-02-24 10:22:11,189  root       ERROR    HOW'D  = [re.compile("(^HOW'D | HOW'D | HOW'D$)", re.IGNORECASE), ' HOW WOULD '] already exists in collection
2021-02-24 10:22:11,216  root       ERROR    YOU'D  = [re.compile("(^YOU'D | YOU'D | YOU'D$)", re.IGNORECASE), ' YOU WOULD '] already exists in collection
2021-02-24 10:22:11,223  root       ERROR   :-) = [re.compile('(^:-\\)|:-\\)|:-\\)$)', re.IGNORECASE), ' SMILE '] already exists in collection
2021-02-24 10:22:11,225  root       ERROR   { = [re.compile('(^\\{|\\{|\\{$)', re.IGNORECASE), ' LEFTCURLY '] already exists in collection
2021-02-24 10:22:11,225  root       ERROR   } = [re.compile('(^\\}|\\}|\\}$)', re.IGNORECASE), ' RIGHTCURLY '] already exists in collection
2021-02-24 10:22:11,226  root       DEBUG   Loading lookup [..\..\storage/lookups/gender.txt]
2021-02-24 10:22:11,228  root       DEBUG   Loading lookup [..\..\storage/lookups/person.txt]
2021-02-24 10:22:11,235  root       ERROR    I AM  = [re.compile('(^I AM | I AM | I AM$)', re.IGNORECASE), ' YOU2 ARE '] already exists in collection
2021-02-24 10:22:11,235  root       ERROR    YOU ARE  = [re.compile('(^YOU ARE | YOU ARE | YOU ARE$)', re.IGNORECASE), ' I2 AM '] already exists in collection
2021-02-24 10:22:11,235  root       ERROR    ME  = [re.compile('(^ME | ME | ME$)', re.IGNORECASE), ' YOU '] already exists in collection
2021-02-24 10:22:11,235  root       ERROR    MY  = [re.compile('(^MY | MY | MY$)', re.IGNORECASE), ' YOUR '] already exists in collection
2021-02-24 10:22:11,237  root       DEBUG   Loading lookup [..\..\storage/lookups/person2.txt]
2021-02-24 10:22:11,237  root       DEBUG   Loading properties from [..\..\storage/properties/properties.txt]
2021-02-24 10:22:11,238  root       ERROR   Failed to load properties file [..\..\storage/properties/properties.txt] [[Errno 2] No such file or directory: '..\\..\\storage/properties/properties.txt']
2021-02-24 10:22:11,238  root       DEBUG   Emptying RDF Collection
2021-02-24 10:22:11,238  root       DEBUG   Loading RDF Collection
2021-02-24 10:22:11,238  root       DEBUG   Loading file contents from [ISS.txt]
2021-02-24 10:22:11,238  root       DEBUG   Loading rdf [..\..\storage/rdfs\ISS.txt]
2021-02-24 10:22:11,238  root       DEBUG   Adding RDF Entity [ISS] [HASPURPOSE] [zur Forsung im Weltall] [ISS]
2021-02-24 10:22:11,239  root       DEBUG   Adding RDF Entity [ISS] [HASSIZE] [109] [ISS]
2021-02-24 10:22:11,239  root       DEBUG   Adding RDF Entity [ISS] [HASSPEED] [262] [ISS]
2021-02-24 10:22:11,239  root       DEBUG   Adding RDF Entity [ISS] [ISA] [Raumstation] [ISS]
2021-02-24 10:22:11,239  root       DEBUG   Adding RDF Entity [ISS] [LIFE] [phyisisch] [ISS]
2021-02-24 10:22:11,239  root       DEBUG   Loading file contents from [README.txt]
2021-02-24 10:22:11,239  root       DEBUG   Loading rdf [..\..\storage/rdfs\README.txt]
2021-02-24 10:22:11,239  root       DEBUG   Loading file contents from [AlternativWrterUniversum.txt]
2021-02-24 10:22:11,239  root       DEBUG   Loading set [..\..\storage/sets\AlternativWrterUniversum.txt]
2021-02-24 10:22:11,240  root       DEBUG   Adding set [ALTERNATIVWRTERUNIVERSUM][..\..\storage/sets\AlternativWrterUniversum.txt] to set group
2021-02-24 10:22:11,240  root       DEBUG   Loading file contents from [berhmentePhysiker.txt]
2021-02-24 10:22:11,240  root       DEBUG   Loading set [..\..\storage/sets\berhmentePhysiker.txt]
2021-02-24 10:22:11,240  root       DEBUG   Adding set [BERHMENTEPHYSIKER][..\..\storage/sets\berhmentePhysiker.txt] to set group
2021-02-24 10:22:11,240  root       DEBUG   Loading file contents from [README.txt]
2021-02-24 10:22:11,240  root       DEBUG   Loading set [..\..\storage/sets\README.txt]
2021-02-24 10:22:11,241  root       DEBUG   Adding set [README][..\..\storage/sets\README.txt] to set group
2021-02-24 10:22:11,241  root       DEBUG   Loading file contents from [README.txt]
2021-02-24 10:22:11,241  root       DEBUG   Loading map [..\..\storage/maps\README.txt]
2021-02-24 10:22:11,241  root       DEBUG   Loading processors from file [..\..\storage/processing/preprocessors.conf]
2021-02-24 10:22:11,241  root       DEBUG   Processor path [programy.processors.pre.normalize.NormalizePreProcessor]
2021-02-24 10:22:11,242  root       DEBUG   Importing module [programy.processors.pre.normalize]
2021-02-24 10:22:11,244  root       DEBUG   Instantiating class [NormalizePreProcessor]
2021-02-24 10:22:11,244  root       DEBUG   Processor path [programy.processors.pre.removepunctuation.RemovePunctuationPreProcessor]
2021-02-24 10:22:11,245  root       DEBUG   Importing module [programy.processors.pre.removepunctuation]
2021-02-24 10:22:11,246  root       DEBUG   Instantiating class [RemovePunctuationPreProcessor]
2021-02-24 10:22:11,246  root       DEBUG   Loading processors from file [..\..\storage/processing/postprocessors.conf]
2021-02-24 10:22:11,246  root       DEBUG   Processor path [programy.processors.post.denormalize.DenormalizePostProcessor]
2021-02-24 10:22:11,246  root       DEBUG   Importing module [programy.processors.post.denormalize]
2021-02-24 10:22:11,250  root       DEBUG   Instantiating class [DenormalizePostProcessor]
2021-02-24 10:22:11,250  root       DEBUG   Processor path [programy.processors.post.formatpunctuation.FormatPunctuationProcessor]
2021-02-24 10:22:11,250  root       DEBUG   Importing module [programy.processors.post.formatpunctuation]
2021-02-24 10:22:11,251  root       DEBUG   Instantiating class [FormatPunctuationProcessor]
2021-02-24 10:22:11,251  root       DEBUG   Processor path [programy.processors.post.formatnumbers.FormatNumbersPostProcessor]
2021-02-24 10:22:11,251  root       DEBUG   Importing module [programy.processors.post.formatnumbers]
2021-02-24 10:22:11,276  root       DEBUG   Instantiating class [FormatNumbersPostProcessor]
2021-02-24 10:22:11,276  root       DEBUG   Processor path [programy.processors.post.multispaces.RemoveMultiSpacePostProcessor]
2021-02-24 10:22:11,276  root       DEBUG   Importing module [programy.processors.post.multispaces]
2021-02-24 10:22:11,277  root       DEBUG   Instantiating class [RemoveMultiSpacePostProcessor]
2021-02-24 10:22:11,277  root       DEBUG   Processor path [programy.processors.post.removehtml.RemoveHTMLPostProcessor]
2021-02-24 10:22:11,278  root       DEBUG   Importing module [programy.processors.post.removehtml]
2021-02-24 10:22:11,280  root       DEBUG   Instantiating class [RemoveHTMLPostProcessor]
2021-02-24 10:22:11,280  root       DEBUG   Processor path [programy.processors.post.consoleformat.ConsoleFormatPostProcessor]
2021-02-24 10:22:11,280  root       DEBUG   Importing module [programy.processors.post.consoleformat]
2021-02-24 10:22:11,281  root       DEBUG   Instantiating class [ConsoleFormatPostProcessor]
2021-02-24 10:22:11,281  root       INFO    [Console] [bot] [brain] - Loading services
2021-02-24 10:22:11,282  root       DEBUG   Preloading service [REST] -> [programy.services.rest.GenericRESTService]
2021-02-24 10:22:11,282  root       DEBUG   Processor path [programy.services.rest.GenericRESTService]
2021-02-24 10:22:11,282  root       DEBUG   Importing module [programy.services.rest]
2021-02-24 10:22:11,283  root       DEBUG   Instantiating class [GenericRESTService]
2021-02-24 10:22:11,283  root       DEBUG   Preloading service [PANNOUS] -> [programy.services.pannous.PannousService]
2021-02-24 10:22:11,283  root       DEBUG   Processor path [programy.services.pannous.PannousService]
2021-02-24 10:22:11,283  root       DEBUG   Importing module [programy.services.pannous]
2021-02-24 10:22:11,285  root       DEBUG   Instantiating class [PannousService]
2021-02-24 10:22:11,285  root       DEBUG   Preloading service [PANDORA] -> [programy.services.pandora.PandoraService]
2021-02-24 10:22:11,285  root       DEBUG   Processor path [programy.services.pandora.PandoraService]
2021-02-24 10:22:11,285  root       DEBUG   Importing module [programy.services.pandora]
2021-02-24 10:22:11,287  root       DEBUG   Instantiating class [PandoraService]
2021-02-24 10:22:11,287  root       DEBUG   Preloading service [WIKIPEDIA] -> [programy.services.wikipediaservice.WikipediaService]
2021-02-24 10:22:11,287  root       DEBUG   Processor path [programy.services.wikipediaservice.WikipediaService]
2021-02-24 10:22:11,287  root       DEBUG   Importing module [programy.services.wikipediaservice]
2021-02-24 10:22:11,293  root       DEBUG   Instantiating class [WikipediaService]
2021-02-24 10:22:11,293  root       DEBUG   Preloading service [DUCKDUCKGO] -> [programy.services.duckduckgo.DuckDuckGoService]
2021-02-24 10:22:11,293  root       DEBUG   Processor path [programy.services.duckduckgo.DuckDuckGoService]
2021-02-24 10:22:11,293  root       DEBUG   Importing module [programy.services.duckduckgo]
2021-02-24 10:22:11,295  root       DEBUG   Instantiating class [DuckDuckGoService]
2021-02-24 10:22:11,295  root       INFO    [Console] [bot] [brain] - Loading openchat bots
2021-02-24 10:22:11,295  root       INFO    [Console] [bot] [brain] - Loading security services
2021-02-24 10:22:11,295  root       DEBUG   Processor path [programy.security.authenticate.passthrough.BasicPassThroughAuthenticationService]
2021-02-24 10:22:11,295  root       DEBUG   Importing module [programy.security.authenticate.passthrough]
2021-02-24 10:22:11,299  root       DEBUG   Instantiating class [BasicPassThroughAuthenticationService]
2021-02-24 10:22:11,299  root       DEBUG   Processor path [programy.security.authorise.usergroupsauthorisor.BasicUserGroupAuthorisationService]
2021-02-24 10:22:11,299  root       DEBUG   Importing module [programy.security.authorise.usergroupsauthorisor]
2021-02-24 10:22:11,301  root       DEBUG   Instantiating class [BasicUserGroupAuthorisationService]
2021-02-24 10:22:11,301  root       ERROR   Failed to load usergroups yaml file [..\..\storage/security/usergroups.yaml] [[Errno 2] No such file or directory: '..\\..\\storage/security/usergroups.yaml']
2021-02-24 10:22:11,301  root       DEBUG   Processor path [programy.security.linking.accountlinker.BasicAccountLinkerService]
2021-02-24 10:22:11,301  root       DEBUG   Importing module [programy.security.linking.accountlinker]
2021-02-24 10:22:11,304  root       DEBUG   Instantiating class [BasicAccountLinkerService]
2021-02-24 10:22:11,304  root       INFO    [Console] [bot] [brain] - Loading oob processors
2021-02-24 10:22:11,304  root       ERROR   No storage engine available for pattern_nodes!
2021-02-24 10:22:11,304  root       INFO    [Console] [bot] [brain] - Loading regex templates
2021-02-24 10:22:11,304  root       DEBUG   Loading properties from [..\..\storage/lookups/regex.txt]
2021-02-24 10:22:11,304  root       ERROR   Failed to load properties file [..\..\storage/lookups/regex.txt] [[Errno 2] No such file or directory: '..\\..\\storage/lookups/regex.txt']
2021-02-24 10:22:11,304  root       INFO    [Console] [bot] [brain] - Loading dynamics sets, maps and vars
2021-02-24 10:22:11,305  root       DEBUG   Processor path [programy.dynamic.sets.numeric.IsNumeric]
2021-02-24 10:22:11,305  root       DEBUG   Importing module [programy.dynamic.sets.numeric]
2021-02-24 10:22:11,305  root       DEBUG   Instantiating class [IsNumeric]
2021-02-24 10:22:11,305  root       DEBUG   Processor path [programy.dynamic.sets.roman.IsRomanNumeral]
2021-02-24 10:22:11,305  root       DEBUG   Importing module [programy.dynamic.sets.roman]
2021-02-24 10:22:11,306  root       DEBUG   Instantiating class [IsRomanNumeral]
2021-02-24 10:22:11,306  root       DEBUG   Processor path [programy.dynamic.maps.roman.MapRomanToDecimal]
2021-02-24 10:22:11,306  root       DEBUG   Importing module [programy.dynamic.maps.roman]
2021-02-24 10:22:11,307  root       DEBUG   Instantiating class [MapRomanToDecimal]
2021-02-24 10:22:11,307  root       DEBUG   Processor path [programy.dynamic.maps.roman.MapDecimalToRoman]
2021-02-24 10:22:11,307  root       DEBUG   Importing module [programy.dynamic.maps.roman]
2021-02-24 10:22:11,307  root       DEBUG   Instantiating class [MapDecimalToRoman]
2021-02-24 10:22:11,307  root       DEBUG   Processor path [programy.dynamic.variables.datetime.GetTime]
2021-02-24 10:22:11,307  root       DEBUG   Importing module [programy.dynamic.variables.datetime]
2021-02-24 10:22:11,312  root       DEBUG   Instantiating class [GetTime]
2021-02-24 10:22:11,312  root       WARNING Dynamic set NUMBER not defined, adding default implementation
2021-02-24 10:22:11,312  root       WARNING Dynamic set PLURAL not defined, adding default implementation
2021-02-24 10:22:11,312  root       WARNING Dynamic set SINGULAR not defined, adding default implementation
2021-02-24 10:22:11,312  root       WARNING Dynamic set SUCCESSOR not defined, adding default implementation
2021-02-24 10:22:11,312  root       WARNING Dynamic set PREDECESSOR not defined, adding default implementation
2021-02-24 10:22:11,312  root       INFO    Loading spelling checker from class [programy.spelling.norvig.NorvigSpellingChecker]
2021-02-24 10:22:11,312  root       DEBUG   Processor path [programy.spelling.norvig.NorvigSpellingChecker]
2021-02-24 10:22:11,312  root       DEBUG   Importing module [programy.spelling.norvig]
2021-02-24 10:22:11,314  root       DEBUG   Instantiating class [NorvigSpellingChecker]
2021-02-24 10:22:11,314  root       INFO    Loading spelling corpus [..\..\storage/spelling/corpus.txt]
2021-02-24 10:22:11,314  root       ERROR   Failed to load corpus [..\..\storage/spelling/corpus.txt] [[Errno 2] No such file or directory: '..\\..\\storage/spelling/corpus.txt']
2021-02-24 10:22:11,315  root       INFO    Loading sentence splitter from class [programy.dialog.splitter.regex.RegexSentenceSplitter]
2021-02-24 10:22:11,315  root       DEBUG   Processor path [programy.dialog.splitter.regex.RegexSentenceSplitter]
2021-02-24 10:22:11,315  root       DEBUG   Importing module [programy.dialog.splitter.regex]
2021-02-24 10:22:11,316  root       DEBUG   Instantiating class [RegexSentenceSplitter]
2021-02-24 10:22:11,317  root       INFO    Loading sentence joiner from class [programy.dialog.joiner.joiner.SentenceJoiner]
2021-02-24 10:22:11,317  root       DEBUG   Processor path [programy.dialog.joiner.joiner.SentenceJoiner]
2021-02-24 10:22:11,317  root       DEBUG   Importing module [programy.dialog.joiner.joiner]
2021-02-24 10:22:11,317  root       DEBUG   Instantiating class [SentenceJoiner]
2021-02-24 10:22:11,317  root       WARNING No configuration setting for translator!
2021-02-24 10:22:11,317  root       WARNING No configuration setting for translator!
2021-02-24 10:22:11,317  root       WARNING No configuration setting for sentiment analyser!
2021-02-24 10:22:11,317  root       DEBUG   Processor path [programy.clients.botfactory.DefaultBotSelector]
2021-02-24 10:22:11,317  root       DEBUG   Importing module [programy.clients.botfactory]
2021-02-24 10:22:11,318  root       DEBUG   Instantiating class [DefaultBotSelector]
2021-02-24 10:22:11,318  root       INFO    Loading license key file: [..\..\storage/licenses/license.keys]
2021-02-24 10:22:11,318  root       ERROR   Invalid license key file [..\..\storage/licenses/license.keys] [[Errno 2] No such file or directory: '..\\..\\storage/licenses/license.keys']
2021-02-24 10:22:11,318  root       DEBUG   Loading Scheduler
2021-02-24 10:22:11,318  root       DEBUG   Creating Background Scheduler WITHOUT config
2021-02-24 10:22:13,695  root       DEBUG   Scheduler initiated...
2021-02-24 10:22:13,695  root       DEBUG   Scheduler starting...
2021-02-24 10:22:13,697  root       DEBUG   Loading Email Manager
2021-02-24 10:22:13,697  root       DEBUG   Loading Trigger Manager
2021-02-24 10:22:13,700  root       DEBUG   Processor path [programy.triggers.local.LocalTriggerManager]
2021-02-24 10:22:13,700  root       DEBUG   Importing module [programy.triggers.local]
2021-02-24 10:22:13,701  root       DEBUG   Instantiating class [LocalTriggerManager]
2021-02-24 10:22:13,701  root       INFO    [Console] - Entering conversation loop...
2021-02-24 10:22:13,701  root       DEBUG   Event triggered [SYSTEM_STARTUP]
2021-02-24 10:22:13,701  root       INFO    No REST configuration for ping responder
2021-02-24 10:22:13,701  root       DEBUG   Console: [Healthcheck now running as part of REST Service...]
2021-02-24 10:22:13,705  root       DEBUG   [Console] - Console: [None, App: vNone Grammar vNone, initiated None]
2021-02-24 10:22:13,705  root       INFO    [Console] [bot] [brain] [Console] - Creating new conversation for client Console
2021-02-24 10:22:13,705  root       INFO    [Console] [bot] [brain] [Console] - Topic pattern = [*]
2021-02-24 10:22:13,705  root       ERROR   [Console] [bot] [brain] [Console] - No That pattern default to [*] [Num question array violation !]
2021-02-24 10:22:13,706  root       DEBUG   [Console] [bot] [brain] [Console] - AIML Parser matching sentence [YINITIALQUESTION], topic=[*], that=[*] 
2021-02-24 10:22:13,706  root       DEBUG   [Console] [bot] [brain] [Console] - Matching [YINITIALQUESTION __TOPIC__ * __THAT__ *]
2021-02-24 10:22:13,706  root       DEBUG   [Console] [bot] [brain] [Console] - Word matched YINITIALQUESTION
2021-02-24 10:22:13,706  root       DEBUG   [Console] [bot] [brain] [Console] -     Topic matched __TOPIC__
2021-02-24 10:22:13,706  root       DEBUG   [Console] [bot] [brain] [Console] -         Wildcard * matched *
2021-02-24 10:22:13,706  root       DEBUG   [Console] [bot] [brain] [Console] -           That matched __THAT__
2021-02-24 10:22:13,706  root       DEBUG   [Console] [bot] [brain] [Console] -               Wildcard * matched *
2021-02-24 10:22:13,706  root       DEBUG   [Console] [bot] [brain] [Console] -               No more words
2021-02-24 10:22:13,707  root       DEBUG   [Console] [bot] [brain] [Console] -                 Found a template, success!
2021-02-24 10:22:13,707  root       DEBUG   [Console] [bot] [brain] [Console] -             Matched 1 or more star, success!
2021-02-24 10:22:13,707  root       DEBUG   [Console] [bot] [brain] [Console] -         Matched that, success!
2021-02-24 10:22:13,707  root       DEBUG   [Console] [bot] [brain] [Console] -       Matched 1 or more star, success!
2021-02-24 10:22:13,707  root       DEBUG   [Console] [bot] [brain] [Console] -   Matched topic, success!
2021-02-24 10:22:13,707  root       DEBUG   [Console] [bot] [brain] [Console] - Matched Word child, success!
2021-02-24 10:22:13,707  root       DEBUG   [Console] [bot] [brain] [Console] - 	Matches...
2021-02-24 10:22:13,707  root       DEBUG   [Console] [bot] [brain] [Console] - 		1: Match=(Word) Node=(WORD [YINITIALQUESTION]) Matched=(YINITIALQUESTION)
2021-02-24 10:22:13,707  root       DEBUG   [Console] [bot] [brain] [Console] - 		2: Match=(Topic) Node=(ONEORMORE [*]) Matched=(*)
2021-02-24 10:22:13,707  root       DEBUG   [Console] [bot] [brain] [Console] - 		3: Match=(That) Node=(ONEORMORE [*]) Matched=(*)
2021-02-24 10:22:13,707  root       DEBUG   [Console] [bot] [brain] [Console] - 	Match score 100.00
2021-02-24 10:22:13,707  root       DEBUG   [Console] [bot] [brain] [Console] - AIML Parser evaluating template [PTEMPLATE [*] [P(0)^(0)#(0)C(0)_(0)*(0)To(0)Th(0)Te(1)]]
2021-02-24 10:22:13,707  root       DEBUG   [Console] [bot] [brain] [Console] - [[WORD]Hey!] resolved to [Hey!]
2021-02-24 10:22:13,708  root       DEBUG   [Console] [bot] [brain] [Console] - [[NODE]] resolved to [Hey!]
2021-02-24 10:22:13,708  root       DEBUG   [Console] [bot] [brain] [Console] - [[RANDOM] 2] resolved to [Hey!]
2021-02-24 10:22:13,708  root       DEBUG   [Console] [bot] [brain] [Console] - [[RANDOM] 2] resolved to [Hey!]
2021-02-24 10:22:13,708  root       DEBUG   [Console] [bot] [brain] [Console] - [[NODE]] resolved to [Hey!]
2021-02-24 10:22:13,708  root       DEBUG   [Console] - Console: [Hey!]
2021-02-24 10:27:59,005  root       DEBUG   [Console] [bot] [brain] [Console] - ##########################################################################################
2021-02-24 10:27:59,006  root       DEBUG   [Console] [bot] [brain] [Console] - Question (Console): Hallo
2021-02-24 10:27:59,006  root       DEBUG   [Console] [bot] [brain] [Console] - Normalising input from [Hallo] to [Hallo]
2021-02-24 10:27:59,006  root       DEBUG   [Console] [bot] [brain] [Console] - Removing punctuation...
2021-02-24 10:27:59,006  root       DEBUG   [Console] [bot] [brain] [Console] - Pre Processed (Console): Hallo
2021-02-24 10:27:59,007  root       DEBUG   [Console] [bot] [brain] [Console] - Retrieving conversation for client Console
2021-02-24 10:27:59,007  root       DEBUG   [Console] [bot] [brain] [Console] - Event triggered [CONVERSATION_START]
2021-02-24 10:27:59,007  root       DEBUG   [Console] [bot] [brain] [Console] - Retrieving conversation for client Console
2021-02-24 10:27:59,007  root       INFO    [Console] [bot] [brain] [Console] - Topic pattern = [*]
2021-02-24 10:27:59,007  root       ERROR   [Console] [bot] [brain] [Console] - No That pattern default to [*] [list index out of range]
2021-02-24 10:27:59,007  root       DEBUG   [Console] [bot] [brain] [Console] - AIML Parser matching sentence [Hallo], topic=[*], that=[*] 
2021-02-24 10:27:59,007  root       DEBUG   [Console] [bot] [brain] [Console] - Matching [Hallo __TOPIC__ * __THAT__ *]
2021-02-24 10:27:59,007  root       DEBUG   [Console] [bot] [brain] [Console] - Word matched Hallo
2021-02-24 10:27:59,007  root       DEBUG   [Console] [bot] [brain] [Console] -     Topic matched __TOPIC__
2021-02-24 10:27:59,007  root       DEBUG   [Console] [bot] [brain] [Console] -         Wildcard * matched *
2021-02-24 10:27:59,007  root       DEBUG   [Console] [bot] [brain] [Console] -           That matched __THAT__
2021-02-24 10:27:59,007  root       DEBUG   [Console] [bot] [brain] [Console] -               Wildcard * matched *
2021-02-24 10:27:59,007  root       DEBUG   [Console] [bot] [brain] [Console] -               No more words
2021-02-24 10:27:59,007  root       DEBUG   [Console] [bot] [brain] [Console] -                 Found a template, success!
2021-02-24 10:27:59,007  root       DEBUG   [Console] [bot] [brain] [Console] -             Matched 1 or more star, success!
2021-02-24 10:27:59,007  root       DEBUG   [Console] [bot] [brain] [Console] -         Matched that, success!
2021-02-24 10:27:59,007  root       DEBUG   [Console] [bot] [brain] [Console] -       Matched 1 or more star, success!
2021-02-24 10:27:59,007  root       DEBUG   [Console] [bot] [brain] [Console] -   Matched topic, success!
2021-02-24 10:27:59,007  root       DEBUG   [Console] [bot] [brain] [Console] - Matched Word child, success!
2021-02-24 10:27:59,007  root       DEBUG   [Console] [bot] [brain] [Console] - 	Matches...
2021-02-24 10:27:59,007  root       DEBUG   [Console] [bot] [brain] [Console] - 		1: Match=(Word) Node=(WORD [Hallo]) Matched=(Hallo)
2021-02-24 10:27:59,007  root       DEBUG   [Console] [bot] [brain] [Console] - 		2: Match=(Topic) Node=(ONEORMORE [*]) Matched=(*)
2021-02-24 10:27:59,007  root       DEBUG   [Console] [bot] [brain] [Console] - 		3: Match=(That) Node=(ONEORMORE [*]) Matched=(*)
2021-02-24 10:27:59,007  root       DEBUG   [Console] [bot] [brain] [Console] - 	Match score 100.00
2021-02-24 10:27:59,009  root       DEBUG   [Console] [bot] [brain] [Console] - AIML Parser evaluating template [PTEMPLATE [*] [P(0)^(0)#(0)C(0)_(0)*(0)To(0)Th(0)Te(1)]]
2021-02-24 10:27:59,009  root       DEBUG   [Console] [bot] [brain] [Console] - [[WORD]HELLO] resolved to [HELLO]
2021-02-24 10:27:59,009  root       DEBUG   [Console] [bot] [brain] [Console] - [[SRAI]] SRAI Text [HELLO]
2021-02-24 10:27:59,009  root       DEBUG   [Console] [bot] [brain] [Console] - ##########################################################################################
2021-02-24 10:27:59,009  root       DEBUG   [Console] [bot] [brain] [Console] - Question (Console): HELLO
2021-02-24 10:27:59,009  root       DEBUG   [Console] [bot] [brain] [Console] - Normalising input from [HELLO] to [HELLO]
2021-02-24 10:27:59,009  root       DEBUG   [Console] [bot] [brain] [Console] - Removing punctuation...
2021-02-24 10:27:59,010  root       DEBUG   [Console] [bot] [brain] [Console] - Pre Processed (Console): HELLO
2021-02-24 10:27:59,010  root       DEBUG   [Console] [bot] [brain] [Console] - Retrieving conversation for client Console
2021-02-24 10:27:59,010  root       DEBUG   [Console] [bot] [brain] [Console] - Retrieving conversation for client Console
2021-02-24 10:27:59,010  root       INFO    [Console] [bot] [brain] [Console] - Topic pattern = [*]
2021-02-24 10:27:59,010  root       INFO    [Console] [bot] [brain] [Console] - That pattern, no response, default to [*]
2021-02-24 10:27:59,010  root       DEBUG   [Console] [bot] [brain] [Console] - AIML Parser matching sentence [HELLO], topic=[*], that=[*] 
2021-02-24 10:27:59,010  root       DEBUG   [Console] [bot] [brain] [Console] - Matching [HELLO __TOPIC__ * __THAT__ *]
2021-02-24 10:27:59,010  root       DEBUG   [Console] [bot] [brain] [Console] - Word matched HELLO
2021-02-24 10:27:59,010  root       DEBUG   [Console] [bot] [brain] [Console] -     Topic matched __TOPIC__
2021-02-24 10:27:59,011  root       DEBUG   [Console] [bot] [brain] [Console] -         Wildcard * matched *
2021-02-24 10:27:59,011  root       DEBUG   [Console] [bot] [brain] [Console] -           That matched __THAT__
2021-02-24 10:27:59,011  root       DEBUG   [Console] [bot] [brain] [Console] -               Wildcard * matched *
2021-02-24 10:27:59,011  root       DEBUG   [Console] [bot] [brain] [Console] -               No more words
2021-02-24 10:27:59,011  root       DEBUG   [Console] [bot] [brain] [Console] -                 Found a template, success!
2021-02-24 10:27:59,011  root       DEBUG   [Console] [bot] [brain] [Console] -             Matched 1 or more star, success!
2021-02-24 10:27:59,011  root       DEBUG   [Console] [bot] [brain] [Console] -         Matched that, success!
2021-02-24 10:27:59,011  root       DEBUG   [Console] [bot] [brain] [Console] -       Matched 1 or more star, success!
2021-02-24 10:27:59,011  root       DEBUG   [Console] [bot] [brain] [Console] -   Matched topic, success!
2021-02-24 10:27:59,011  root       DEBUG   [Console] [bot] [brain] [Console] - Matched Word child, success!
2021-02-24 10:27:59,011  root       DEBUG   [Console] [bot] [brain] [Console] - 	Matches...
2021-02-24 10:27:59,012  root       DEBUG   [Console] [bot] [brain] [Console] - 		1: Match=(Word) Node=(WORD [HELLO]) Matched=(HELLO)
2021-02-24 10:27:59,012  root       DEBUG   [Console] [bot] [brain] [Console] - 		2: Match=(Topic) Node=(ONEORMORE [*]) Matched=(*)
2021-02-24 10:27:59,012  root       DEBUG   [Console] [bot] [brain] [Console] - 		3: Match=(That) Node=(ONEORMORE [*]) Matched=(*)
2021-02-24 10:27:59,012  root       DEBUG   [Console] [bot] [brain] [Console] - 	Match score 100.00
2021-02-24 10:27:59,012  root       DEBUG   [Console] [bot] [brain] [Console] - AIML Parser evaluating template [PTEMPLATE [*] [P(0)^(0)#(0)C(0)_(0)*(0)To(0)Th(0)Te(1)]]
2021-02-24 10:27:59,012  root       DEBUG   [Console] [bot] [brain] [Console] - [[WORD]Hallo] resolved to [Hallo]
2021-02-24 10:27:59,012  root       DEBUG   [Console] [bot] [brain] [Console] - [[NODE]] resolved to [Hallo]
2021-02-24 10:27:59,012  root       DEBUG   [Console] [bot] [brain] [Console] - Raw Response (Console): Hallo
2021-02-24 10:27:59,012  root       DEBUG   [Console] [bot] [brain] [Console] - Processed Response (Console): Hallo
2021-02-24 10:27:59,012  root       DEBUG   Directory does not exist, creating ..\..\storage/conversations
2021-02-24 10:27:59,013  root       DEBUG   Writing conversation to [..\..\storage/conversations\Console_Console.conv]
2021-02-24 10:27:59,016  root       DEBUG   [Console] [bot] [brain] [Console] - [[SRAI]] resolved to [Hallo]
2021-02-24 10:27:59,016  root       DEBUG   [Console] [bot] [brain] [Console] - [[SRAI]] resolved to [Hallo]
2021-02-24 10:27:59,016  root       DEBUG   [Console] [bot] [brain] [Console] - [[NODE]] resolved to [Hallo]
2021-02-24 10:27:59,016  root       DEBUG   [Console] [bot] [brain] [Console] - Raw Response (Console): Hallo
2021-02-24 10:27:59,017  root       DEBUG   [Console] [bot] [brain] [Console] - Denormalising input from [Hallo] to [Hallo]
2021-02-24 10:27:59,017  root       DEBUG   [Console] [bot] [brain] [Console] - Formatting punctuation...
2021-02-24 10:27:59,017  root       DEBUG   [Console] [bot] [brain] [Console] - Formatting numbers...
2021-02-24 10:27:59,018  root       DEBUG   [Console] [bot] [brain] [Console] - Removing multiple spaces from words...
2021-02-24 10:27:59,018  root       DEBUG   [Console] [bot] [brain] [Console] - Removing html from sentence...
2021-02-24 10:27:59,018  root       DEBUG   [Console] [bot] [brain] [Console] - Formatting response for console outpout...
2021-02-24 10:27:59,018  root       DEBUG   [Console] [bot] [brain] [Console] - Processed Response (Console): Hallo
2021-02-24 10:27:59,019  root       DEBUG   Writing conversation to [..\..\storage/conversations\Console_Console.conv]
2021-02-24 10:27:59,019  root       DEBUG   [Console] [bot] [brain] [Console] - Event triggered [QUESTION_ASKED]
2021-02-24 10:27:59,020  root       DEBUG   [Console] - Console: [Hallo.]
2021-02-24 10:28:45,758  root       DEBUG   [Console] [bot] [brain] [Console] - ##########################################################################################
2021-02-24 10:28:45,758  root       DEBUG   [Console] [bot] [brain] [Console] - Question (Console): Erzhle mir einen Witz
2021-02-24 10:28:45,759  root       DEBUG   [Console] [bot] [brain] [Console] - Normalising input from [Erzhle mir einen Witz] to [Erzhle mir einen Witz]
2021-02-24 10:28:45,759  root       DEBUG   [Console] [bot] [brain] [Console] - Removing punctuation...
2021-02-24 10:28:45,759  root       DEBUG   [Console] [bot] [brain] [Console] - Pre Processed (Console): Erzhle mir einen Witz
2021-02-24 10:28:45,759  root       DEBUG   [Console] [bot] [brain] [Console] - Retrieving conversation for client Console
2021-02-24 10:28:45,759  root       DEBUG   [Console] [bot] [brain] [Console] - Retrieving conversation for client Console
2021-02-24 10:28:45,759  root       INFO    [Console] [bot] [brain] [Console] - Topic pattern = [*]
2021-02-24 10:28:45,760  root       INFO    [Console] [bot] [brain] [Console] - That pattern = [Hallo]
2021-02-24 10:28:45,760  root       DEBUG   [Console] [bot] [brain] [Console] - AIML Parser matching sentence [Erzhle mir einen Witz], topic=[*], that=[Hallo] 
2021-02-24 10:28:45,760  root       DEBUG   [Console] [bot] [brain] [Console] - Matching [Erzhle mir einen Witz __TOPIC__ * __THAT__ Hallo]
2021-02-24 10:28:45,760  root       DEBUG   [Console] [bot] [brain] [Console] -   Wildcard * matched Erzhle
2021-02-24 10:28:45,760  root       DEBUG   [Console] [bot] [brain] [Console] -   Wildcard * matched mir
2021-02-24 10:28:45,760  root       DEBUG   [Console] [bot] [brain] [Console] -   No children, consume words until next break point
2021-02-24 10:28:45,760  root       DEBUG   [Console] [bot] [brain] [Console] -     No match for einen, trying another path
2021-02-24 10:28:45,761  root       DEBUG   [Console] [bot] [brain] [Console] -   Wildcard * matched einen
2021-02-24 10:28:45,761  root       DEBUG   [Console] [bot] [brain] [Console] -     Word matched Witz
2021-02-24 10:28:45,761  root       DEBUG   [Console] [bot] [brain] [Console] -         Topic matched __TOPIC__
2021-02-24 10:28:45,761  root       DEBUG   [Console] [bot] [brain] [Console] -             Wildcard * matched *
2021-02-24 10:28:45,761  root       DEBUG   [Console] [bot] [brain] [Console] -               That matched __THAT__
2021-02-24 10:28:45,761  root       DEBUG   [Console] [bot] [brain] [Console] -                   Wildcard * matched Hallo
2021-02-24 10:28:45,761  root       DEBUG   [Console] [bot] [brain] [Console] -                   No more words
2021-02-24 10:28:45,761  root       DEBUG   [Console] [bot] [brain] [Console] -                     Found a template, success!
2021-02-24 10:28:45,761  root       DEBUG   [Console] [bot] [brain] [Console] -                 Matched 1 or more star, success!
2021-02-24 10:28:45,761  root       DEBUG   [Console] [bot] [brain] [Console] -             Matched that, success!
2021-02-24 10:28:45,762  root       DEBUG   [Console] [bot] [brain] [Console] -           Matched 1 or more star, success!
2021-02-24 10:28:45,762  root       DEBUG   [Console] [bot] [brain] [Console] -       Matched topic, success!
2021-02-24 10:28:45,762  root       DEBUG   [Console] [bot] [brain] [Console] -     Matched Word child, success!
2021-02-24 10:28:45,762  root       DEBUG   [Console] [bot] [brain] [Console] - Matched 1 or more star, success!
2021-02-24 10:28:45,762  root       DEBUG   [Console] [bot] [brain] [Console] - 	Matches...
2021-02-24 10:28:45,762  root       DEBUG   [Console] [bot] [brain] [Console] - 		1: Match=(Word) Node=(ONEORMORE [*]) Matched=(Erzhle mir einen)
2021-02-24 10:28:45,762  root       DEBUG   [Console] [bot] [brain] [Console] - 		2: Match=(Word) Node=(WORD [Witz]) Matched=(Witz)
2021-02-24 10:28:45,762  root       DEBUG   [Console] [bot] [brain] [Console] - 		3: Match=(Topic) Node=(ONEORMORE [*]) Matched=(*)
2021-02-24 10:28:45,762  root       DEBUG   [Console] [bot] [brain] [Console] - 		4: Match=(That) Node=(ONEORMORE [*]) Matched=(Hallo)
2021-02-24 10:28:45,762  root       DEBUG   [Console] [bot] [brain] [Console] - 	Match score 0.00
2021-02-24 10:28:45,762  root       DEBUG   [Console] [bot] [brain] [Console] - AIML Parser evaluating template [PTEMPLATE [*] [P(0)^(0)#(0)C(0)_(0)*(0)To(0)Th(0)Te(1)]]
2021-02-24 10:28:45,763  root       DEBUG   [Console] [bot] [brain] [Console] - [[WORD]JOKE] resolved to [JOKE]
2021-02-24 10:28:45,763  root       DEBUG   [Console] [bot] [brain] [Console] - [[SRAI]] SRAI Text [JOKE]
2021-02-24 10:28:45,763  root       DEBUG   [Console] [bot] [brain] [Console] - ##########################################################################################
2021-02-24 10:28:45,763  root       DEBUG   [Console] [bot] [brain] [Console] - Question (Console): JOKE
2021-02-24 10:28:45,763  root       DEBUG   [Console] [bot] [brain] [Console] - Normalising input from [JOKE] to [JOKE]
2021-02-24 10:28:45,763  root       DEBUG   [Console] [bot] [brain] [Console] - Removing punctuation...
2021-02-24 10:28:45,763  root       DEBUG   [Console] [bot] [brain] [Console] - Pre Processed (Console): JOKE
2021-02-24 10:28:45,763  root       DEBUG   [Console] [bot] [brain] [Console] - Retrieving conversation for client Console
2021-02-24 10:28:45,763  root       DEBUG   [Console] [bot] [brain] [Console] - Retrieving conversation for client Console
2021-02-24 10:28:45,764  root       INFO    [Console] [bot] [brain] [Console] - Topic pattern = [*]
2021-02-24 10:28:45,764  root       INFO    [Console] [bot] [brain] [Console] - That pattern = [Hallo]
2021-02-24 10:28:45,764  root       DEBUG   [Console] [bot] [brain] [Console] - AIML Parser matching sentence [JOKE], topic=[*], that=[Hallo] 
2021-02-24 10:28:45,764  root       DEBUG   [Console] [bot] [brain] [Console] - Matching [JOKE __TOPIC__ * __THAT__ Hallo]
2021-02-24 10:28:45,764  root       DEBUG   [Console] [bot] [brain] [Console] - Word matched JOKE
2021-02-24 10:28:45,764  root       DEBUG   [Console] [bot] [brain] [Console] -     Topic matched __TOPIC__
2021-02-24 10:28:45,764  root       DEBUG   [Console] [bot] [brain] [Console] -         Wildcard * matched *
2021-02-24 10:28:45,764  root       DEBUG   [Console] [bot] [brain] [Console] -           That matched __THAT__
2021-02-24 10:28:45,764  root       DEBUG   [Console] [bot] [brain] [Console] -               Wildcard * matched Hallo
2021-02-24 10:28:45,764  root       DEBUG   [Console] [bot] [brain] [Console] -               No more words
2021-02-24 10:28:45,764  root       DEBUG   [Console] [bot] [brain] [Console] -                 Found a template, success!
2021-02-24 10:28:45,764  root       DEBUG   [Console] [bot] [brain] [Console] -             Matched 1 or more star, success!
2021-02-24 10:28:45,764  root       DEBUG   [Console] [bot] [brain] [Console] -         Matched that, success!
2021-02-24 10:28:45,764  root       DEBUG   [Console] [bot] [brain] [Console] -       Matched 1 or more star, success!
2021-02-24 10:28:45,764  root       DEBUG   [Console] [bot] [brain] [Console] -   Matched topic, success!
2021-02-24 10:28:45,764  root       DEBUG   [Console] [bot] [brain] [Console] - Matched Word child, success!
2021-02-24 10:28:45,764  root       DEBUG   [Console] [bot] [brain] [Console] - 	Matches...
2021-02-24 10:28:45,764  root       DEBUG   [Console] [bot] [brain] [Console] - 		1: Match=(Word) Node=(WORD [JOKE]) Matched=(JOKE)
2021-02-24 10:28:45,764  root       DEBUG   [Console] [bot] [brain] [Console] - 		2: Match=(Topic) Node=(ONEORMORE [*]) Matched=(*)
2021-02-24 10:28:45,766  root       DEBUG   [Console] [bot] [brain] [Console] - 		3: Match=(That) Node=(ONEORMORE [*]) Matched=(Hallo)
2021-02-24 10:28:45,766  root       DEBUG   [Console] [bot] [brain] [Console] - 	Match score 100.00
2021-02-24 10:28:45,766  root       DEBUG   [Console] [bot] [brain] [Console] - AIML Parser evaluating template [PTEMPLATE [*] [P(0)^(0)#(0)C(0)_(0)*(0)To(0)Th(0)Te(1)]]
2021-02-24 10:28:45,766  root       DEBUG   [Console] [bot] [brain] [Console] - [[WORD]Lehrerin:] resolved to [Lehrerin:]
2021-02-24 10:28:45,766  root       DEBUG   [Console] [bot] [brain] [Console] - [[WORD]"Wer] resolved to ["Wer]
2021-02-24 10:28:45,766  root       DEBUG   [Console] [bot] [brain] [Console] - [[WORD]kann] resolved to [kann]
2021-02-24 10:28:45,766  root       DEBUG   [Console] [bot] [brain] [Console] - [[WORD]einen] resolved to [einen]
2021-02-24 10:28:45,766  root       DEBUG   [Console] [bot] [brain] [Console] - [[WORD]Satz] resolved to [Satz]
2021-02-24 10:28:45,766  root       DEBUG   [Console] [bot] [brain] [Console] - [[WORD]mit] resolved to [mit]
2021-02-24 10:28:45,767  root       DEBUG   [Console] [bot] [brain] [Console] - [[WORD]Weihnachtsfest] resolved to [Weihnachtsfest]
2021-02-24 10:28:45,767  root       DEBUG   [Console] [bot] [brain] [Console] - [[WORD]bilden?"] resolved to [bilden?"]
2021-02-24 10:28:45,767  root       DEBUG   [Console] [bot] [brain] [Console] - [[WORD]Fritzchen:] resolved to [Fritzchen:]
2021-02-24 10:28:45,767  root       DEBUG   [Console] [bot] [brain] [Console] - [[WORD]"Der] resolved to ["Der]
2021-02-24 10:28:45,767  root       DEBUG   [Console] [bot] [brain] [Console] - [[WORD]Elch] resolved to [Elch]
2021-02-24 10:28:45,767  root       DEBUG   [Console] [bot] [brain] [Console] - [[WORD]hlt] resolved to [hlt]
2021-02-24 10:28:45,767  root       DEBUG   [Console] [bot] [brain] [Console] - [[WORD]sein] resolved to [sein]
2021-02-24 10:28:45,767  root       DEBUG   [Console] [bot] [brain] [Console] - [[WORD]Geweih] resolved to [Geweih]
2021-02-24 10:28:45,767  root       DEBUG   [Console] [bot] [brain] [Console] - [[WORD]nachts] resolved to [nachts]
2021-02-24 10:28:45,767  root       DEBUG   [Console] [bot] [brain] [Console] - [[WORD]fest."] resolved to [fest."]
2021-02-24 10:28:45,767  root       DEBUG   [Console] [bot] [brain] [Console] - [[NODE]] resolved to [Lehrerin: "Wer kann einen Satz mit Weihnachtsfest bilden?" Fritzchen: "Der Elch hlt sein Geweih nachts fest."]
2021-02-24 10:28:45,767  root       DEBUG   [Console] [bot] [brain] [Console] - [[RANDOM] 3] resolved to [Lehrerin: "Wer kann einen Satz mit Weihnachtsfest bilden?" Fritzchen: "Der Elch hlt sein Geweih nachts fest."]
2021-02-24 10:28:45,767  root       DEBUG   [Console] [bot] [brain] [Console] - [[RANDOM] 3] resolved to [Lehrerin: "Wer kann einen Satz mit Weihnachtsfest bilden?" Fritzchen: "Der Elch hlt sein Geweih nachts fest."]
2021-02-24 10:28:45,768  root       DEBUG   [Console] [bot] [brain] [Console] - [[NODE]] resolved to [Lehrerin: "Wer kann einen Satz mit Weihnachtsfest bilden?" Fritzchen: "Der Elch hlt sein Geweih nachts fest."]
2021-02-24 10:28:45,768  root       DEBUG   [Console] [bot] [brain] [Console] - Raw Response (Console): Lehrerin: "Wer kann einen Satz mit Weihnachtsfest bilden?" Fritzchen: "Der Elch hlt sein Geweih nachts fest."
2021-02-24 10:28:45,768  root       DEBUG   [Console] [bot] [brain] [Console] - Processed Response (Console): Lehrerin: "Wer kann einen Satz mit Weihnachtsfest bilden?" Fritzchen: "Der Elch hlt sein Geweih nachts fest."
2021-02-24 10:28:45,768  root       DEBUG   Writing conversation to [..\..\storage/conversations\Console_Console.conv]
2021-02-24 10:28:45,769  root       DEBUG   [Console] [bot] [brain] [Console] - [[SRAI]] resolved to [Lehrerin: "Wer kann einen Satz mit Weihnachtsfest bilden?" Fritzchen: "Der Elch hlt sein Geweih nachts fest."]
2021-02-24 10:28:45,769  root       DEBUG   [Console] [bot] [brain] [Console] - [[SRAI]] resolved to [Lehrerin: "Wer kann einen Satz mit Weihnachtsfest bilden?" Fritzchen: "Der Elch hlt sein Geweih nachts fest."]
2021-02-24 10:28:45,769  root       DEBUG   [Console] [bot] [brain] [Console] - [[NODE]] resolved to [Lehrerin: "Wer kann einen Satz mit Weihnachtsfest bilden?" Fritzchen: "Der Elch hlt sein Geweih nachts fest."]
2021-02-24 10:28:45,769  root       DEBUG   [Console] [bot] [brain] [Console] - Raw Response (Console): Lehrerin: "Wer kann einen Satz mit Weihnachtsfest bilden?" Fritzchen: "Der Elch hlt sein Geweih nachts fest."
2021-02-24 10:28:45,770  root       DEBUG   [Console] [bot] [brain] [Console] - Denormalising input from [Lehrerin: "Wer kann einen Satz mit Weihnachtsfest bilden?" Fritzchen: "Der Elch hlt sein Geweih nachts fest."] to [Lehrerin: "Wer kann einen Satz mit Weihnachtsfest bilden?" Fritzchen: "Der Elch hlt sein Geweih nachts fest."]
2021-02-24 10:28:45,770  root       DEBUG   [Console] [bot] [brain] [Console] - Formatting punctuation...
2021-02-24 10:28:45,770  root       DEBUG   [Console] [bot] [brain] [Console] - Formatting numbers...
2021-02-24 10:28:45,770  root       DEBUG   [Console] [bot] [brain] [Console] - Removing multiple spaces from words...
2021-02-24 10:28:45,770  root       DEBUG   [Console] [bot] [brain] [Console] - Removing html from sentence...
2021-02-24 10:28:45,770  root       DEBUG   [Console] [bot] [brain] [Console] - Formatting response for console outpout...
2021-02-24 10:28:45,770  root       DEBUG   [Console] [bot] [brain] [Console] - Processed Response (Console): Lehrerin: "Wer kann einen Satz mit Weihnachtsfest bilden?" Fritzchen: "Der Elch
hlt sein Geweih nachts fest."
2021-02-24 10:28:45,771  root       DEBUG   Writing conversation to [..\..\storage/conversations\Console_Console.conv]
2021-02-24 10:28:45,771  root       DEBUG   [Console] [bot] [brain] [Console] - Event triggered [QUESTION_ASKED]
2021-02-24 10:28:45,772  root       DEBUG   [Console] - Console: [Lehrerin: "Wer kann einen Satz mit Weihnachtsfest bilden?" Fritzchen: "Der Elch
hlt sein Geweih nachts fest.".]
2021-02-24 10:30:13,375  root       DEBUG   [Console] [bot] [brain] [Console] - ##########################################################################################
2021-02-24 10:30:13,375  root       DEBUG   [Console] [bot] [brain] [Console] - Question (Console): Erzhle mir einen Fakt ber das Weltall
2021-02-24 10:30:13,376  root       DEBUG   [Console] [bot] [brain] [Console] - Normalising input from [Erzhle mir einen Fakt ber das Weltall] to [Erzhle mir einen Fakt ber das Weltall]
2021-02-24 10:30:13,376  root       DEBUG   [Console] [bot] [brain] [Console] - Removing punctuation...
2021-02-24 10:30:13,376  root       DEBUG   [Console] [bot] [brain] [Console] - Pre Processed (Console): Erzhle mir einen Fakt ber das Weltall
2021-02-24 10:30:13,376  root       DEBUG   [Console] [bot] [brain] [Console] - Retrieving conversation for client Console
2021-02-24 10:30:13,376  root       DEBUG   [Console] [bot] [brain] [Console] - Retrieving conversation for client Console
2021-02-24 10:30:13,376  root       INFO    [Console] [bot] [brain] [Console] - Topic pattern = [*]
2021-02-24 10:30:13,377  root       INFO    [Console] [bot] [brain] [Console] - That pattern = []
2021-02-24 10:30:13,377  root       DEBUG   [Console] [bot] [brain] [Console] - AIML Parser matching sentence [Erzhle mir einen Fakt ber das Weltall], topic=[*], that=[] 
2021-02-24 10:30:13,377  root       DEBUG   [Console] [bot] [brain] [Console] - Matching [Erzhle mir einen Fakt ber das Weltall __TOPIC__ * __THAT__]
2021-02-24 10:30:13,377  root       DEBUG   [Console] [bot] [brain] [Console] -   Wildcard * matched Erzhle
2021-02-24 10:30:13,377  root       DEBUG   [Console] [bot] [brain] [Console] -   Wildcard * matched mir
2021-02-24 10:30:13,377  root       DEBUG   [Console] [bot] [brain] [Console] -   No children, consume words until next break point
2021-02-24 10:30:13,377  root       DEBUG   [Console] [bot] [brain] [Console] -     No match for einen, trying another path
2021-02-24 10:30:13,378  root       DEBUG   [Console] [bot] [brain] [Console] -   Wildcard * matched einen
2021-02-24 10:30:13,378  root       DEBUG   [Console] [bot] [brain] [Console] -     Word matched Fakt
2021-02-24 10:30:13,378  root       DEBUG   [Console] [bot] [brain] [Console] -         Wildcard * matched ber
2021-02-24 10:30:13,378  root       DEBUG   [Console] [bot] [brain] [Console] - No word [das] found in set [ALTERNATIVWRTERUNIVERSUM]
2021-02-24 10:30:13,378  root       DEBUG   [Console] [bot] [brain] [Console] -         Wildcard * matched das
2021-02-24 10:30:13,378  root       DEBUG   [Console] [bot] [brain] [Console] -         No children, consume words until next break point
2021-02-24 10:30:13,378  root       DEBUG   [Console] [bot] [brain] [Console] - Found word [Weltall] in set [ALTERNATIVWRTERUNIVERSUM]
2021-02-24 10:30:13,378  root       DEBUG   [Console] [bot] [brain] [Console] -           Word matched Weltall
2021-02-24 10:30:13,378  root       DEBUG   [Console] [bot] [brain] [Console] -               Topic matched __TOPIC__
2021-02-24 10:30:13,378  root       DEBUG   [Console] [bot] [brain] [Console] -                   Wildcard * matched *
2021-02-24 10:30:13,379  root       DEBUG   [Console] [bot] [brain] [Console] -                     That matched __THAT__
2021-02-24 10:30:13,379  root       DEBUG   [Console] [bot] [brain] [Console] -                       No more words and no template, no match found!
2021-02-24 10:30:13,379  root       DEBUG   [Console] [bot] [brain] [Console] -                   No children, consume words until next break point
2021-02-24 10:30:13,379  root       DEBUG   [Console] [bot] [brain] [Console] -                   Wildcard * matched __THAT__
2021-02-24 10:30:13,379  root       DEBUG   [Console] [bot] [brain] [Console] -                     No more words and no template, no match found!
2021-02-24 10:30:13,379  root       DEBUG   [Console] [bot] [brain] [Console] -                 No match for *, trying another path
2021-02-24 10:30:13,379  root       DEBUG   [Console] [bot] [brain] [Console] -              Looking for a __TOPIC__, none give, no match found!
2021-02-24 10:30:13,379  root       DEBUG   [Console] [bot] [brain] [Console] -           No match for Weltall, trying another path
2021-02-24 10:30:13,379  root       DEBUG   [Console] [bot] [brain] [Console] -         Wildcard * matched Weltall
2021-02-24 10:30:13,379  root       DEBUG   [Console] [bot] [brain] [Console] - No word [__TOPIC__] found in set [ALTERNATIVWRTERUNIVERSUM]
2021-02-24 10:30:13,379  root       DEBUG   [Console] [bot] [brain] [Console] -           No match for __TOPIC__, trying another path
2021-02-24 10:30:13,380  root       DEBUG   [Console] [bot] [brain] [Console] -         Found a topic at the wrong place....
2021-02-24 10:30:13,380  root       DEBUG   [Console] [bot] [brain] [Console] -       No match for ber, trying another path
2021-02-24 10:30:13,380  root       DEBUG   [Console] [bot] [brain] [Console] -     No match for Fakt, trying another path
2021-02-24 10:30:13,380  root       DEBUG   [Console] [bot] [brain] [Console] -   Wildcard * matched Fakt
2021-02-24 10:30:13,380  root       DEBUG   [Console] [bot] [brain] [Console] -     No match for ber, trying another path
2021-02-24 10:30:13,380  root       DEBUG   [Console] [bot] [brain] [Console] -   Wildcard * matched ber
2021-02-24 10:30:13,380  root       DEBUG   [Console] [bot] [brain] [Console] -     No match for das, trying another path
2021-02-24 10:30:13,380  root       DEBUG   [Console] [bot] [brain] [Console] -   Wildcard * matched das
2021-02-24 10:30:13,381  root       DEBUG   [Console] [bot] [brain] [Console] -     No match for Weltall, trying another path
2021-02-24 10:30:13,381  root       DEBUG   [Console] [bot] [brain] [Console] -   Wildcard * matched Weltall
2021-02-24 10:30:13,381  root       DEBUG   [Console] [bot] [brain] [Console] -     No match for __TOPIC__, trying another path
2021-02-24 10:30:13,381  root       DEBUG   [Console] [bot] [brain] [Console] -   Found a topic at the wrong place....
2021-02-24 10:30:13,381  root       DEBUG   [Console] [bot] [brain] [Console] - No match for Erzhle, trying another path
2021-02-24 10:30:13,381  root       DEBUG   [Console] [bot] [brain] [Console] - Retrieving conversation for client Console
2021-02-24 10:30:13,381  root       INFO    [Console] [bot] [brain] [Console] - Topic pattern = [*]
2021-02-24 10:30:13,381  root       INFO    [Console] [bot] [brain] [Console] - That pattern = []
2021-02-24 10:30:13,381  root       DEBUG   [Console] [bot] [brain] [Console] - AIML Parser matching sentence [YEMPTY], topic=[*], that=[] 
2021-02-24 10:30:13,381  root       DEBUG   [Console] [bot] [brain] [Console] - Matching [YEMPTY __TOPIC__ * __THAT__]
2021-02-24 10:30:13,382  root       DEBUG   [Console] [bot] [brain] [Console] -   Wildcard * matched YEMPTY
2021-02-24 10:30:13,382  root       DEBUG   [Console] [bot] [brain] [Console] -   Found a topic at the wrong place....
2021-02-24 10:30:13,382  root       DEBUG   [Console] [bot] [brain] [Console] - No match for YEMPTY, trying another path
2021-02-24 10:30:13,382  root       DEBUG   Writing conversation to [..\..\storage/conversations\Console_Console.conv]
2021-02-24 10:30:13,383  root       DEBUG   [Console] [bot] [brain] [Console] - Event triggered [QUESTION_ASKED]
2021-02-24 10:30:13,383  root       DEBUG   [Console] - Console: [Interessant.]
2021-02-24 10:30:37,078  root       DEBUG   [Console] [bot] [brain] [Console] - ##########################################################################################
2021-02-24 10:30:37,078  root       DEBUG   [Console] [bot] [brain] [Console] - Question (Console): Erzhle mir einen Fakt ber das Weltall?
2021-02-24 10:30:37,079  root       DEBUG   [Console] [bot] [brain] [Console] - Normalising input from [Erzhle mir einen Fakt ber das Weltall?] to [Erzhle mir einen Fakt ber das Weltall?]
2021-02-24 10:30:37,079  root       DEBUG   [Console] [bot] [brain] [Console] - Removing punctuation...
2021-02-24 10:30:37,079  root       DEBUG   [Console] [bot] [brain] [Console] - Pre Processed (Console): Erzhle mir einen Fakt ber das Weltall?
2021-02-24 10:30:37,079  root       DEBUG   [Console] [bot] [brain] [Console] - Retrieving conversation for client Console
2021-02-24 10:30:37,079  root       DEBUG   [Console] [bot] [brain] [Console] - Retrieving conversation for client Console
2021-02-24 10:30:37,079  root       INFO    [Console] [bot] [brain] [Console] - Topic pattern = [*]
2021-02-24 10:30:37,080  root       INFO    [Console] [bot] [brain] [Console] - That pattern = [Interessant]
2021-02-24 10:30:37,080  root       DEBUG   [Console] [bot] [brain] [Console] - AIML Parser matching sentence [Erzhle mir einen Fakt ber das Weltall], topic=[*], that=[Interessant] 
2021-02-24 10:30:37,080  root       DEBUG   [Console] [bot] [brain] [Console] - Matching [Erzhle mir einen Fakt ber das Weltall __TOPIC__ * __THAT__ Interessant]
2021-02-24 10:30:37,080  root       DEBUG   [Console] [bot] [brain] [Console] -   Wildcard * matched Erzhle
2021-02-24 10:30:37,080  root       DEBUG   [Console] [bot] [brain] [Console] -   Wildcard * matched mir
2021-02-24 10:30:37,080  root       DEBUG   [Console] [bot] [brain] [Console] -   No children, consume words until next break point
2021-02-24 10:30:37,081  root       DEBUG   [Console] [bot] [brain] [Console] -     No match for einen, trying another path
2021-02-24 10:30:37,081  root       DEBUG   [Console] [bot] [brain] [Console] -   Wildcard * matched einen
2021-02-24 10:30:37,081  root       DEBUG   [Console] [bot] [brain] [Console] -     Word matched Fakt
2021-02-24 10:30:37,081  root       DEBUG   [Console] [bot] [brain] [Console] -         Wildcard * matched ber
2021-02-24 10:30:37,081  root       DEBUG   [Console] [bot] [brain] [Console] - No word [das] found in set [ALTERNATIVWRTERUNIVERSUM]
2021-02-24 10:30:37,081  root       DEBUG   [Console] [bot] [brain] [Console] -         Wildcard * matched das
2021-02-24 10:30:37,081  root       DEBUG   [Console] [bot] [brain] [Console] -         No children, consume words until next break point
2021-02-24 10:30:37,081  root       DEBUG   [Console] [bot] [brain] [Console] - Found word [Weltall] in set [ALTERNATIVWRTERUNIVERSUM]
2021-02-24 10:30:37,081  root       DEBUG   [Console] [bot] [brain] [Console] -           Word matched Weltall
2021-02-24 10:30:37,081  root       DEBUG   [Console] [bot] [brain] [Console] -               Topic matched __TOPIC__
2021-02-24 10:30:37,082  root       DEBUG   [Console] [bot] [brain] [Console] -                   Wildcard * matched *
2021-02-24 10:30:37,082  root       DEBUG   [Console] [bot] [brain] [Console] -                     That matched __THAT__
2021-02-24 10:30:37,082  root       DEBUG   [Console] [bot] [brain] [Console] -                         Wildcard * matched Interessant
2021-02-24 10:30:37,082  root       DEBUG   [Console] [bot] [brain] [Console] -                         No more words
2021-02-24 10:30:37,082  root       DEBUG   [Console] [bot] [brain] [Console] -                           Found a template, success!
2021-02-24 10:30:37,082  root       DEBUG   [Console] [bot] [brain] [Console] -                       Matched 1 or more star, success!
2021-02-24 10:30:37,082  root       DEBUG   [Console] [bot] [brain] [Console] -                   Matched that, success!
2021-02-24 10:30:37,082  root       DEBUG   [Console] [bot] [brain] [Console] -                 Matched 1 or more star, success!
2021-02-24 10:30:37,082  root       DEBUG   [Console] [bot] [brain] [Console] -             Matched topic, success!
2021-02-24 10:30:37,082  root       DEBUG   [Console] [bot] [brain] [Console] -           Matched Word child, success!
2021-02-24 10:30:37,083  root       DEBUG   [Console] [bot] [brain] [Console] -       Matched 1 or more star, success!
2021-02-24 10:30:37,083  root       DEBUG   [Console] [bot] [brain] [Console] -     Matched Word child, success!
2021-02-24 10:30:37,083  root       DEBUG   [Console] [bot] [brain] [Console] - Matched 1 or more star, success!
2021-02-24 10:30:37,083  root       DEBUG   [Console] [bot] [brain] [Console] - 	Matches...
2021-02-24 10:30:37,083  root       DEBUG   [Console] [bot] [brain] [Console] - 		1: Match=(Word) Node=(ONEORMORE [*]) Matched=(Erzhle mir einen)
2021-02-24 10:30:37,083  root       DEBUG   [Console] [bot] [brain] [Console] - 		2: Match=(Word) Node=(WORD [Fakt]) Matched=(Fakt)
2021-02-24 10:30:37,083  root       DEBUG   [Console] [bot] [brain] [Console] - 		3: Match=(Word) Node=(ONEORMORE [*]) Matched=(ber das)
2021-02-24 10:30:37,083  root       DEBUG   [Console] [bot] [brain] [Console] - 		4: Match=(Word) Node=(SET name=[ALTERNATIVWRTERUNIVERSUM]) Matched=(Weltall)
2021-02-24 10:30:37,083  root       DEBUG   [Console] [bot] [brain] [Console] - 		5: Match=(Topic) Node=(ONEORMORE [*]) Matched=(*)
2021-02-24 10:30:37,083  root       DEBUG   [Console] [bot] [brain] [Console] - 		6: Match=(That) Node=(ONEORMORE [*]) Matched=(Interessant)
2021-02-24 10:30:37,083  root       DEBUG   [Console] [bot] [brain] [Console] - 	Match score 0.00
2021-02-24 10:30:37,083  root       DEBUG   [Console] [bot] [brain] [Console] - AIML Parser evaluating template [PTEMPLATE [*] [P(0)^(0)#(0)C(0)_(0)*(0)To(0)Th(0)Te(1)]]
2021-02-24 10:30:37,084  root       DEBUG   [Console] [bot] [brain] [Console] - [[WORD]der] resolved to [der]
2021-02-24 10:30:37,084  root       DEBUG   [Console] [bot] [brain] [Console] - [[WORD]Urknall] resolved to [Urknall]
2021-02-24 10:30:37,084  root       DEBUG   [Console] [bot] [brain] [Console] - [[WORD]wird] resolved to [wird]
2021-02-24 10:30:37,084  root       DEBUG   [Console] [bot] [brain] [Console] - [[WORD]als] resolved to [als]
2021-02-24 10:30:37,084  root       DEBUG   [Console] [bot] [brain] [Console] - [[WORD]Beginn] resolved to [Beginn]
2021-02-24 10:30:37,084  root       DEBUG   [Console] [bot] [brain] [Console] - [[WORD]des] resolved to [des]
2021-02-24 10:30:37,084  root       DEBUG   [Console] [bot] [brain] [Console] - [[WORD]Universums] resolved to [Universums]
2021-02-24 10:30:37,084  root       DEBUG   [Console] [bot] [brain] [Console] - [[WORD]gesehen] resolved to [gesehen]
2021-02-24 10:30:37,084  root       DEBUG   [Console] [bot] [brain] [Console] - [[NODE]] resolved to [der Urknall wird als Beginn des Universums gesehen]
2021-02-24 10:30:37,084  root       DEBUG   [Console] [bot] [brain] [Console] - [[RANDOM] 10] resolved to [der Urknall wird als Beginn des Universums gesehen]
2021-02-24 10:30:37,084  root       DEBUG   [Console] [bot] [brain] [Console] - [[RANDOM] 10] resolved to [der Urknall wird als Beginn des Universums gesehen]
2021-02-24 10:30:37,084  root       DEBUG   [Console] [bot] [brain] [Console] - [[NODE]] resolved to [der Urknall wird als Beginn des Universums gesehen]
2021-02-24 10:30:37,085  root       DEBUG   [Console] [bot] [brain] [Console] - Raw Response (Console): der Urknall wird als Beginn des Universums gesehen
2021-02-24 10:30:37,085  root       DEBUG   [Console] [bot] [brain] [Console] - Denormalising input from [der Urknall wird als Beginn des Universums gesehen] to [der Urknall wird als Beginn des Universums gesehen]
2021-02-24 10:30:37,085  root       DEBUG   [Console] [bot] [brain] [Console] - Formatting punctuation...
2021-02-24 10:30:37,085  root       DEBUG   [Console] [bot] [brain] [Console] - Formatting numbers...
2021-02-24 10:30:37,085  root       DEBUG   [Console] [bot] [brain] [Console] - Removing multiple spaces from words...
2021-02-24 10:30:37,085  root       DEBUG   [Console] [bot] [brain] [Console] - Removing html from sentence...
2021-02-24 10:30:37,086  root       DEBUG   [Console] [bot] [brain] [Console] - Formatting response for console outpout...
2021-02-24 10:30:37,086  root       DEBUG   [Console] [bot] [brain] [Console] - Processed Response (Console): der Urknall wird als Beginn des Universums gesehen
2021-02-24 10:30:37,086  root       DEBUG   Writing conversation to [..\..\storage/conversations\Console_Console.conv]
2021-02-24 10:30:37,087  root       DEBUG   [Console] [bot] [brain] [Console] - Event triggered [QUESTION_ASKED]
2021-02-24 10:30:37,087  root       DEBUG   [Console] - Console: [Der Urknall wird als Beginn des Universums gesehen.]
2021-02-24 11:02:15,890  root       DEBUG   [Console] [bot] [brain] [Console] - ##########################################################################################
2021-02-24 11:02:15,890  root       DEBUG   [Console] [bot] [brain] [Console] - Question (Console): Ein Plant im Sonnensystem
2021-02-24 11:02:15,891  root       DEBUG   [Console] [bot] [brain] [Console] - Normalising input from [Ein Plant im Sonnensystem] to [Ein Plant im Sonnensystem]
2021-02-24 11:02:15,891  root       DEBUG   [Console] [bot] [brain] [Console] - Removing punctuation...
2021-02-24 11:02:15,891  root       DEBUG   [Console] [bot] [brain] [Console] - Pre Processed (Console): Ein Plant im Sonnensystem
2021-02-24 11:02:15,891  root       DEBUG   [Console] [bot] [brain] [Console] - Retrieving conversation for client Console
2021-02-24 11:02:15,891  root       DEBUG   [Console] [bot] [brain] [Console] - Retrieving conversation for client Console
2021-02-24 11:02:15,892  root       INFO    [Console] [bot] [brain] [Console] - Topic pattern = [*]
2021-02-24 11:02:15,892  root       INFO    [Console] [bot] [brain] [Console] - That pattern = [der Urknall wird als Beginn des Universums gesehen]
2021-02-24 11:02:15,892  root       DEBUG   [Console] [bot] [brain] [Console] - AIML Parser matching sentence [Ein Plant im Sonnensystem], topic=[*], that=[der Urknall wird als Beginn des Universums gesehen] 
2021-02-24 11:02:15,892  root       DEBUG   [Console] [bot] [brain] [Console] - Matching [Ein Plant im Sonnensystem __TOPIC__ * __THAT__ der Urknall wird als Beginn des Universums gesehen]
2021-02-24 11:02:15,892  root       DEBUG   [Console] [bot] [brain] [Console] -   Wildcard * matched Ein
2021-02-24 11:02:15,892  root       DEBUG   [Console] [bot] [brain] [Console] -   Wildcard * matched Plant
2021-02-24 11:02:15,892  root       DEBUG   [Console] [bot] [brain] [Console] -   No children, consume words until next break point
2021-02-24 11:02:15,893  root       DEBUG   [Console] [bot] [brain] [Console] -     No match for im, trying another path
2021-02-24 11:02:15,893  root       DEBUG   [Console] [bot] [brain] [Console] -   Wildcard * matched im
2021-02-24 11:02:15,893  root       DEBUG   [Console] [bot] [brain] [Console] -     No match for Sonnensystem, trying another path
2021-02-24 11:02:15,893  root       DEBUG   [Console] [bot] [brain] [Console] -   Wildcard * matched Sonnensystem
2021-02-24 11:02:15,893  root       DEBUG   [Console] [bot] [brain] [Console] -     No match for __TOPIC__, trying another path
2021-02-24 11:02:15,893  root       DEBUG   [Console] [bot] [brain] [Console] -   Found a topic at the wrong place....
2021-02-24 11:02:15,893  root       DEBUG   [Console] [bot] [brain] [Console] - No match for Ein, trying another path
2021-02-24 11:02:15,893  root       DEBUG   [Console] [bot] [brain] [Console] - Retrieving conversation for client Console
2021-02-24 11:02:15,893  root       INFO    [Console] [bot] [brain] [Console] - Topic pattern = [*]
2021-02-24 11:02:15,894  root       INFO    [Console] [bot] [brain] [Console] - That pattern = [der Urknall wird als Beginn des Universums gesehen]
2021-02-24 11:02:15,894  root       DEBUG   [Console] [bot] [brain] [Console] - AIML Parser matching sentence [YEMPTY], topic=[*], that=[der Urknall wird als Beginn des Universums gesehen] 
2021-02-24 11:02:15,894  root       DEBUG   [Console] [bot] [brain] [Console] - Matching [YEMPTY __TOPIC__ * __THAT__ der Urknall wird als Beginn des Universums gesehen]
2021-02-24 11:02:15,894  root       DEBUG   [Console] [bot] [brain] [Console] -   Wildcard * matched YEMPTY
2021-02-24 11:02:15,894  root       DEBUG   [Console] [bot] [brain] [Console] -   Found a topic at the wrong place....
2021-02-24 11:02:15,894  root       DEBUG   [Console] [bot] [brain] [Console] - No match for YEMPTY, trying another path
2021-02-24 11:02:15,894  root       DEBUG   Writing conversation to [..\..\storage/conversations\Console_Console.conv]
2021-02-24 11:02:15,896  root       DEBUG   [Console] [bot] [brain] [Console] - Event triggered [QUESTION_ASKED]
2021-02-24 11:02:15,896  root       DEBUG   [Console] - Console: [Interessant.]
2021-02-24 11:02:21,825  root       DEBUG   [Console] [bot] [brain] [Console] - ##########################################################################################
2021-02-24 11:02:21,825  root       DEBUG   [Console] [bot] [brain] [Console] - Question (Console): Ein Plant im Sonnensystem?
2021-02-24 11:02:21,825  root       DEBUG   [Console] [bot] [brain] [Console] - Normalising input from [Ein Plant im Sonnensystem?] to [Ein Plant im Sonnensystem?]
2021-02-24 11:02:21,825  root       DEBUG   [Console] [bot] [brain] [Console] - Removing punctuation...
2021-02-24 11:02:21,827  root       DEBUG   [Console] [bot] [brain] [Console] - Pre Processed (Console): Ein Plant im Sonnensystem?
2021-02-24 11:02:21,827  root       DEBUG   [Console] [bot] [brain] [Console] - Retrieving conversation for client Console
2021-02-24 11:02:21,827  root       DEBUG   [Console] [bot] [brain] [Console] - Retrieving conversation for client Console
2021-02-24 11:02:21,827  root       INFO    [Console] [bot] [brain] [Console] - Topic pattern = [*]
2021-02-24 11:02:21,827  root       INFO    [Console] [bot] [brain] [Console] - That pattern = [Interessant]
2021-02-24 11:02:21,827  root       DEBUG   [Console] [bot] [brain] [Console] - AIML Parser matching sentence [Ein Plant im Sonnensystem], topic=[*], that=[Interessant] 
2021-02-24 11:02:21,827  root       DEBUG   [Console] [bot] [brain] [Console] - Matching [Ein Plant im Sonnensystem __TOPIC__ * __THAT__ Interessant]
2021-02-24 11:02:21,828  root       DEBUG   [Console] [bot] [brain] [Console] -   Wildcard * matched Ein
2021-02-24 11:02:21,828  root       DEBUG   [Console] [bot] [brain] [Console] -   Wildcard * matched Plant
2021-02-24 11:02:21,828  root       DEBUG   [Console] [bot] [brain] [Console] -   No children, consume words until next break point
2021-02-24 11:02:21,828  root       DEBUG   [Console] [bot] [brain] [Console] -     No match for im, trying another path
2021-02-24 11:02:21,828  root       DEBUG   [Console] [bot] [brain] [Console] -   Wildcard * matched im
2021-02-24 11:02:21,828  root       DEBUG   [Console] [bot] [brain] [Console] -     No match for Sonnensystem, trying another path
2021-02-24 11:02:21,828  root       DEBUG   [Console] [bot] [brain] [Console] -   Wildcard * matched Sonnensystem
2021-02-24 11:02:21,829  root       DEBUG   [Console] [bot] [brain] [Console] -     No match for __TOPIC__, trying another path
2021-02-24 11:02:21,829  root       DEBUG   [Console] [bot] [brain] [Console] -   Found a topic at the wrong place....
2021-02-24 11:02:21,829  root       DEBUG   [Console] [bot] [brain] [Console] - No match for Ein, trying another path
2021-02-24 11:02:21,829  root       DEBUG   [Console] [bot] [brain] [Console] - Retrieving conversation for client Console
2021-02-24 11:02:21,829  root       INFO    [Console] [bot] [brain] [Console] - Topic pattern = [*]
2021-02-24 11:02:21,829  root       INFO    [Console] [bot] [brain] [Console] - That pattern = [Interessant]
2021-02-24 11:02:21,829  root       DEBUG   [Console] [bot] [brain] [Console] - AIML Parser matching sentence [YEMPTY], topic=[*], that=[Interessant] 
2021-02-24 11:02:21,829  root       DEBUG   [Console] [bot] [brain] [Console] - Matching [YEMPTY __TOPIC__ * __THAT__ Interessant]
2021-02-24 11:02:21,829  root       DEBUG   [Console] [bot] [brain] [Console] -   Wildcard * matched YEMPTY
2021-02-24 11:02:21,830  root       DEBUG   [Console] [bot] [brain] [Console] -   Found a topic at the wrong place....
2021-02-24 11:02:21,830  root       DEBUG   [Console] [bot] [brain] [Console] - No match for YEMPTY, trying another path
2021-02-24 11:02:21,830  root       DEBUG   Writing conversation to [..\..\storage/conversations\Console_Console.conv]
2021-02-24 11:02:21,831  root       DEBUG   [Console] [bot] [brain] [Console] - Event triggered [QUESTION_ASKED]
2021-02-24 11:02:21,831  root       DEBUG   [Console] - Console: [Interessant.]
